/usr/bin/ld: CMakeFiles/example2_b.dir/src/example2_b.cpp.o: in function `messageCallback(boost::shared_ptr<intro_tutorial::msg1_<std::allocator<void> > const> const&)':
example2_b.cpp:(.text+0x44): undefined reference to `ros::console::g_initialized'
/usr/bin/ld: example2_b.cpp:(.text+0x54): undefined reference to `ros::console::initialize()'
/usr/bin/ld: example2_b.cpp:(.text+0xa1): undefined reference to `ros::console::initializeLogLocation(ros::console::LogLocation*, std::__cxx11::basic_string<char, std::char_traits<char>, std::allocator<char> > const&, ros::console::levels::Level)'
/usr/bin/ld: example2_b.cpp:(.text+0xde): undefined reference to `ros::console::setLogLocationLevel(ros::console::LogLocation*, ros::console::levels::Level)'
/usr/bin/ld: example2_b.cpp:(.text+0xea): undefined reference to `ros::console::checkLogLocationEnabled(ros::console::LogLocation*)'
/usr/bin/ld: example2_b.cpp:(.text+0x16d): undefined reference to `ros::console::print(ros::console::FilterBase*, void*, ros::console::levels::Level, char const*, int, char const*, char const*, ...)'
/usr/bin/ld: CMakeFiles/example2_b.dir/src/example2_b.cpp.o: in function `main':
example2_b.cpp:(.text+0x23e): undefined reference to `ros::init(int&, char**, std::__cxx11::basic_string<char, std::char_traits<char>, std::allocator<char> > const&, unsigned int)'
/usr/bin/ld: example2_b.cpp:(.text+0x2d0): undefined reference to `ros::NodeHandle::NodeHandle(std::__cxx11::basic_string<char, std::char_traits<char>, std::allocator<char> > const&, std::map<std::__cxx11::basic_string<char, std::char_traits<char>, std::allocator<char> >, std::__cxx11::basic_string<char, std::char_traits<char>, std::allocator<char> >, std::less<std::__cxx11::basic_string<char, std::char_traits<char>, std::allocator<char> > >, std::allocator<std::pair<std::__cxx11::basic_string<char, std::char_traits<char>, std::allocator<char> > const, std::__cxx11::basic_string<char, std::char_traits<char>, std::allocator<char> > > > > const&)'
/usr/bin/ld: example2_b.cpp:(.text+0x3f1): undefined reference to `ros::spin()'
/usr/bin/ld: example2_b.cpp:(.text+0x405): undefined reference to `ros::Subscriber::~Subscriber()'
/usr/bin/ld: example2_b.cpp:(.text+0x414): undefined reference to `ros::NodeHandle::~NodeHandle()'
/usr/bin/ld: example2_b.cpp:(.text+0x4ec): undefined reference to `ros::Subscriber::~Subscriber()'
/usr/bin/ld: example2_b.cpp:(.text+0x4fb): undefined reference to `ros::NodeHandle::~NodeHandle()'
/usr/bin/ld: CMakeFiles/example2_b.dir/src/example2_b.cpp.o: in function `ros::Subscriber ros::NodeHandle::subscribe<intro_tutorial::msg1_<std::allocator<void> > >(std::__cxx11::basic_string<char, std::char_traits<char>, std::allocator<char> > const&, unsigned int, void (*)(boost::shared_ptr<intro_tutorial::msg1_<std::allocator<void> > const> const&), ros::TransportHints const&)':
example2_b.cpp:(.text._ZN3ros10NodeHandle9subscribeIN14intro_tutorial5msg1_ISaIvEEEEENS_10SubscriberERKNSt7__cxx1112basic_stringIcSt11char_traitsIcESaIcEEEjPFvRKN5boost10shared_ptrIKT_EEERKNS_14TransportHintsE[_ZN3ros10NodeHandle9subscribeIN14intro_tutorial5msg1_ISaIvEEEEENS_10SubscriberERKNSt7__cxx1112basic_stringIcSt11char_traitsIcESaIcEEEjPFvRKN5boost10shared_ptrIKT_EEERKNS_14TransportHintsE]+0x110): undefined reference to `ros::NodeHandle::subscribe(ros::SubscribeOptions&)'
/usr/bin/ld: CMakeFiles/example2_b.dir/src/example2_b.cpp.o: in function `ros::SubscriptionCallbackHelperT<boost::shared_ptr<intro_tutorial::msg1_<std::allocator<void> > const> const&, void>::deserialize(ros::SubscriptionCallbackHelperDeserializeParams const&)':
example2_b.cpp:(.text._ZN3ros27SubscriptionCallbackHelperTIRKN5boost10shared_ptrIKN14intro_tutorial5msg1_ISaIvEEEEEvE11deserializeERKNS_43SubscriptionCallbackHelperDeserializeParamsE[_ZN3ros27SubscriptionCallbackHelperTIRKN5boost10shared_ptrIKN14intro_tutorial5msg1_ISaIvEEEEEvE11deserializeERKNS_43SubscriptionCallbackHelperDeserializeParamsE]+0x65): undefined reference to `ros::console::g_initialized'
/usr/bin/ld: example2_b.cpp:(.text._ZN3ros27SubscriptionCallbackHelperTIRKN5boost10shared_ptrIKN14intro_tutorial5msg1_ISaIvEEEEEvE11deserializeERKNS_43SubscriptionCallbackHelperDeserializeParamsE[_ZN3ros27SubscriptionCallbackHelperTIRKN5boost10shared_ptrIKN14intro_tutorial5msg1_ISaIvEEEEEvE11deserializeERKNS_43SubscriptionCallbackHelperDeserializeParamsE]+0x75): undefined reference to `ros::console::initialize()'
/usr/bin/ld: example2_b.cpp:(.text._ZN3ros27SubscriptionCallbackHelperTIRKN5boost10shared_ptrIKN14intro_tutorial5msg1_ISaIvEEEEEvE11deserializeERKNS_43SubscriptionCallbackHelperDeserializeParamsE[_ZN3ros27SubscriptionCallbackHelperTIRKN5boost10shared_ptrIKN14intro_tutorial5msg1_ISaIvEEEEEvE11deserializeERKNS_43SubscriptionCallbackHelperDeserializeParamsE]+0xc2): undefined reference to `ros::console::initializeLogLocation(ros::console::LogLocation*, std::__cxx11::basic_string<char, std::char_traits<char>, std::allocator<char> > const&, ros::console::levels::Level)'
/usr/bin/ld: example2_b.cpp:(.text._ZN3ros27SubscriptionCallbackHelperTIRKN5boost10shared_ptrIKN14intro_tutorial5msg1_ISaIvEEEEEvE11deserializeERKNS_43SubscriptionCallbackHelperDeserializeParamsE[_ZN3ros27SubscriptionCallbackHelperTIRKN5boost10shared_ptrIKN14intro_tutorial5msg1_ISaIvEEEEEvE11deserializeERKNS_43SubscriptionCallbackHelperDeserializeParamsE]+0xfe): undefined reference to `ros::console::setLogLocationLevel(ros::console::LogLocation*, ros::console::levels::Level)'
/usr/bin/ld: example2_b.cpp:(.text._ZN3ros27SubscriptionCallbackHelperTIRKN5boost10shared_ptrIKN14intro_tutorial5msg1_ISaIvEEEEEvE11deserializeERKNS_43SubscriptionCallbackHelperDeserializeParamsE[_ZN3ros27SubscriptionCallbackHelperTIRKN5boost10shared_ptrIKN14intro_tutorial5msg1_ISaIvEEEEEvE11deserializeERKNS_43SubscriptionCallbackHelperDeserializeParamsE]+0x10a): undefined reference to `ros::console::checkLogLocationEnabled(ros::console::LogLocation*)'
/usr/bin/ld: example2_b.cpp:(.text._ZN3ros27SubscriptionCallbackHelperTIRKN5boost10shared_ptrIKN14intro_tutorial5msg1_ISaIvEEEEEvE11deserializeERKNS_43SubscriptionCallbackHelperDeserializeParamsE[_ZN3ros27SubscriptionCallbackHelperTIRKN5boost10shared_ptrIKN14intro_tutorial5msg1_ISaIvEEEEEvE11deserializeERKNS_43SubscriptionCallbackHelperDeserializeParamsE]+0x187): undefined reference to `ros::console::print(ros::console::FilterBase*, void*, ros::console::levels::Level, char const*, int, char const*, char const*, ...)'
/usr/bin/ld: CMakeFiles/example2_b.dir/src/example2_b.cpp.o: in function `void ros::serialization::Serializer<int>::read<ros::serialization::IStream>(ros::serialization::IStream&, int&)':
example2_b.cpp:(.text._ZN3ros13serialization10SerializerIiE4readINS0_7IStreamEEEvRT_Ri[_ZN3ros13serialization10SerializerIiE4readINS0_7IStreamEEEvRT_Ri]+0x57): undefined reference to `ros::serialization::throwStreamOverrun()'
collect2: error: ld returned 1 exit status
make[2]: *** [CMakeFiles/example2_b.dir/build.make:84: /home/marco/IntelligentRobotics/catkin_ws/devel/.private/intro_tutorial/lib/intro_tutorial/example2_b] Error 1
make[1]: *** [CMakeFiles/Makefile2:174: CMakeFiles/example2_b.dir/all] Error 2
make[1]: *** Waiting for unfinished jobs....
make: *** [Makefile:141: all] Error 2
