[  0%] Built target actionlib_msgs_generate_messages_cpp
[  0%] Built target std_msgs_generate_messages_cpp
[  0%] Built target _intro_tutorial_generate_messages_check_deps_srv1
[  0%] Built target _intro_tutorial_generate_messages_check_deps_FibonacciAction
[  0%] Built target _intro_tutorial_generate_messages_check_deps_FibonacciActionResult
[  0%] Built target _intro_tutorial_generate_messages_check_deps_FibonacciActionGoal
[  0%] Built target _intro_tutorial_generate_messages_check_deps_FibonacciResult
[  0%] Built target _intro_tutorial_generate_messages_check_deps_FibonacciGoal
[  0%] Built target _intro_tutorial_generate_messages_check_deps_msg1
[  0%] Built target actionlib_msgs_generate_messages_lisp
[  0%] Built target std_msgs_generate_messages_lisp
[  0%] Built target _intro_tutorial_generate_messages_check_deps_FibonacciActionFeedback
[  0%] Built target actionlib_msgs_generate_messages_eus
[  0%] Built target _intro_tutorial_generate_messages_check_deps_FibonacciFeedback
[  0%] Built target std_msgs_generate_messages_eus
[  0%] Built target std_msgs_generate_messages_nodejs
[  0%] Built target actionlib_msgs_generate_messages_nodejs
[  0%] Built target std_msgs_generate_messages_py
[  1%] Built target actionlib_msgs_generate_messages_py
[ 14%] Built target intro_tutorial_generate_messages_cpp
[ 28%] Built target intro_tutorial_generate_messages_lisp
[ 43%] Built target intro_tutorial_generate_messages_eus
[ 59%] Built target intro_tutorial_generate_messages_nodejs
[ 75%] Built target intro_tutorial_generate_messages_py
[ 78%] Built target example1_b
[ 81%] Built target example1_a
[ 84%] Built target example2_b
[ 87%] Built target example2_a
[35m[1mScanning dependencies of target fibonacci_client[0m
[ 90%] Built target example3_a
[ 93%] Built target fibonacci_server
[ 96%] Built target example3_b
[ 98%] [32mBuilding CXX object CMakeFiles/fibonacci_client.dir/src/fibonacci_client.cpp.o[0m
[ 98%] Built target intro_tutorial_generate_messages
[01m[K/home/marco/IntelligentRobotics/catkin_ws/src/intro_tutorial/src/fibonacci_client.cpp:[m[K In function ‘[01m[Kvoid feedbackCb(const FibonacciFeedbackConstPtr&)[m[K’:
[01m[K/home/marco/IntelligentRobotics/catkin_ws/src/intro_tutorial/src/fibonacci_client.cpp:13:5:[m[K [01;31m[Kerror: [m[K‘[01m[KROSCONSOLE_PRINT[m[K’ was not declared in this scope; did you mean ‘[01m[KROSCONSOLE_AUTOINIT[m[K’?
   13 |     [01;31m[KROSCONSOLE_PRINT[m[K("Type of feedback: %s", typeid(feedback->sequence).name());
      |     [01;31m[K^~~~~~~~~~~~~~~~[m[K
      |     [32m[KROSCONSOLE_AUTOINIT[m[K
make[2]: *** [CMakeFiles/fibonacci_client.dir/build.make:63: CMakeFiles/fibonacci_client.dir/src/fibonacci_client.cpp.o] Error 1
make[1]: *** [CMakeFiles/Makefile2:1024: CMakeFiles/fibonacci_client.dir/all] Error 2
make: *** [Makefile:141: all] Error 2
