Linked: (/home/marco/IntelligentRobotics/catkin_ws/devel/.private/intro_tutorial/include/intro_tutorial/msg1.h, /home/marco/IntelligentRobotics/catkin_ws/devel/include/intro_tutorial/msg1.h)
Linked: (/home/marco/IntelligentRobotics/catkin_ws/devel/.private/intro_tutorial/include/intro_tutorial/srv1Request.h, /home/marco/IntelligentRobotics/catkin_ws/devel/include/intro_tutorial/srv1Request.h)
Linked: (/home/marco/IntelligentRobotics/catkin_ws/devel/.private/intro_tutorial/include/intro_tutorial/FibonacciFeedback.h, /home/marco/IntelligentRobotics/catkin_ws/devel/include/intro_tutorial/FibonacciFeedback.h)
Linked: (/home/marco/IntelligentRobotics/catkin_ws/devel/.private/intro_tutorial/include/intro_tutorial/FibonacciGoal.h, /home/marco/IntelligentRobotics/catkin_ws/devel/include/intro_tutorial/FibonacciGoal.h)
Linked: (/home/marco/IntelligentRobotics/catkin_ws/devel/.private/intro_tutorial/include/intro_tutorial/FibonacciAction.h, /home/marco/IntelligentRobotics/catkin_ws/devel/include/intro_tutorial/FibonacciAction.h)
Linked: (/home/marco/IntelligentRobotics/catkin_ws/devel/.private/intro_tutorial/include/intro_tutorial/srv1.h, /home/marco/IntelligentRobotics/catkin_ws/devel/include/intro_tutorial/srv1.h)
Linked: (/home/marco/IntelligentRobotics/catkin_ws/devel/.private/intro_tutorial/include/intro_tutorial/FibonacciActionFeedback.h, /home/marco/IntelligentRobotics/catkin_ws/devel/include/intro_tutorial/FibonacciActionFeedback.h)
Linked: (/home/marco/IntelligentRobotics/catkin_ws/devel/.private/intro_tutorial/include/intro_tutorial/FibonacciResult.h, /home/marco/IntelligentRobotics/catkin_ws/devel/include/intro_tutorial/FibonacciResult.h)
Linked: (/home/marco/IntelligentRobotics/catkin_ws/devel/.private/intro_tutorial/include/intro_tutorial/FibonacciActionGoal.h, /home/marco/IntelligentRobotics/catkin_ws/devel/include/intro_tutorial/FibonacciActionGoal.h)
Linked: (/home/marco/IntelligentRobotics/catkin_ws/devel/.private/intro_tutorial/include/intro_tutorial/FibonacciActionResult.h, /home/marco/IntelligentRobotics/catkin_ws/devel/include/intro_tutorial/FibonacciActionResult.h)
Linked: (/home/marco/IntelligentRobotics/catkin_ws/devel/.private/intro_tutorial/include/intro_tutorial/srv1Response.h, /home/marco/IntelligentRobotics/catkin_ws/devel/include/intro_tutorial/srv1Response.h)
Linked: (/home/marco/IntelligentRobotics/catkin_ws/devel/.private/intro_tutorial/lib/intro_tutorial/example3_a, /home/marco/IntelligentRobotics/catkin_ws/devel/lib/intro_tutorial/example3_a)
Linked: (/home/marco/IntelligentRobotics/catkin_ws/devel/.private/intro_tutorial/lib/intro_tutorial/fibonacci_server, /home/marco/IntelligentRobotics/catkin_ws/devel/lib/intro_tutorial/fibonacci_server)
Linked: (/home/marco/IntelligentRobotics/catkin_ws/devel/.private/intro_tutorial/lib/intro_tutorial/example1_b, /home/marco/IntelligentRobotics/catkin_ws/devel/lib/intro_tutorial/example1_b)
Linked: (/home/marco/IntelligentRobotics/catkin_ws/devel/.private/intro_tutorial/lib/intro_tutorial/fibonacci_client, /home/marco/IntelligentRobotics/catkin_ws/devel/lib/intro_tutorial/fibonacci_client)
Linked: (/home/marco/IntelligentRobotics/catkin_ws/devel/.private/intro_tutorial/lib/intro_tutorial/example3_b, /home/marco/IntelligentRobotics/catkin_ws/devel/lib/intro_tutorial/example3_b)
Linked: (/home/marco/IntelligentRobotics/catkin_ws/devel/.private/intro_tutorial/lib/intro_tutorial/example2_b, /home/marco/IntelligentRobotics/catkin_ws/devel/lib/intro_tutorial/example2_b)
Linked: (/home/marco/IntelligentRobotics/catkin_ws/devel/.private/intro_tutorial/lib/intro_tutorial/example2_a, /home/marco/IntelligentRobotics/catkin_ws/devel/lib/intro_tutorial/example2_a)
Linked: (/home/marco/IntelligentRobotics/catkin_ws/devel/.private/intro_tutorial/lib/intro_tutorial/example1_a, /home/marco/IntelligentRobotics/catkin_ws/devel/lib/intro_tutorial/example1_a)
Linked: (/home/marco/IntelligentRobotics/catkin_ws/devel/.private/intro_tutorial/lib/pkgconfig/intro_tutorial.pc, /home/marco/IntelligentRobotics/catkin_ws/devel/lib/pkgconfig/intro_tutorial.pc)
Linked: (/home/marco/IntelligentRobotics/catkin_ws/devel/.private/intro_tutorial/lib/python3/dist-packages/intro_tutorial/__init__.py, /home/marco/IntelligentRobotics/catkin_ws/devel/lib/python3/dist-packages/intro_tutorial/__init__.py)
Linked: (/home/marco/IntelligentRobotics/catkin_ws/devel/.private/intro_tutorial/lib/python3/dist-packages/intro_tutorial/srv/_srv1.py, /home/marco/IntelligentRobotics/catkin_ws/devel/lib/python3/dist-packages/intro_tutorial/srv/_srv1.py)
Linked: (/home/marco/IntelligentRobotics/catkin_ws/devel/.private/intro_tutorial/lib/python3/dist-packages/intro_tutorial/srv/__init__.py, /home/marco/IntelligentRobotics/catkin_ws/devel/lib/python3/dist-packages/intro_tutorial/srv/__init__.py)
Linked: (/home/marco/IntelligentRobotics/catkin_ws/devel/.private/intro_tutorial/lib/python3/dist-packages/intro_tutorial/msg/_msg1.py, /home/marco/IntelligentRobotics/catkin_ws/devel/lib/python3/dist-packages/intro_tutorial/msg/_msg1.py)
Linked: (/home/marco/IntelligentRobotics/catkin_ws/devel/.private/intro_tutorial/lib/python3/dist-packages/intro_tutorial/msg/_FibonacciActionFeedback.py, /home/marco/IntelligentRobotics/catkin_ws/devel/lib/python3/dist-packages/intro_tutorial/msg/_FibonacciActionFeedback.py)
Linked: (/home/marco/IntelligentRobotics/catkin_ws/devel/.private/intro_tutorial/lib/python3/dist-packages/intro_tutorial/msg/_FibonacciGoal.py, /home/marco/IntelligentRobotics/catkin_ws/devel/lib/python3/dist-packages/intro_tutorial/msg/_FibonacciGoal.py)
Linked: (/home/marco/IntelligentRobotics/catkin_ws/devel/.private/intro_tutorial/lib/python3/dist-packages/intro_tutorial/msg/_FibonacciActionGoal.py, /home/marco/IntelligentRobotics/catkin_ws/devel/lib/python3/dist-packages/intro_tutorial/msg/_FibonacciActionGoal.py)
Linked: (/home/marco/IntelligentRobotics/catkin_ws/devel/.private/intro_tutorial/lib/python3/dist-packages/intro_tutorial/msg/__init__.py, /home/marco/IntelligentRobotics/catkin_ws/devel/lib/python3/dist-packages/intro_tutorial/msg/__init__.py)
Linked: (/home/marco/IntelligentRobotics/catkin_ws/devel/.private/intro_tutorial/lib/python3/dist-packages/intro_tutorial/msg/_FibonacciAction.py, /home/marco/IntelligentRobotics/catkin_ws/devel/lib/python3/dist-packages/intro_tutorial/msg/_FibonacciAction.py)
Linked: (/home/marco/IntelligentRobotics/catkin_ws/devel/.private/intro_tutorial/lib/python3/dist-packages/intro_tutorial/msg/_FibonacciResult.py, /home/marco/IntelligentRobotics/catkin_ws/devel/lib/python3/dist-packages/intro_tutorial/msg/_FibonacciResult.py)
Linked: (/home/marco/IntelligentRobotics/catkin_ws/devel/.private/intro_tutorial/lib/python3/dist-packages/intro_tutorial/msg/_FibonacciFeedback.py, /home/marco/IntelligentRobotics/catkin_ws/devel/lib/python3/dist-packages/intro_tutorial/msg/_FibonacciFeedback.py)
Linked: (/home/marco/IntelligentRobotics/catkin_ws/devel/.private/intro_tutorial/lib/python3/dist-packages/intro_tutorial/msg/_FibonacciActionResult.py, /home/marco/IntelligentRobotics/catkin_ws/devel/lib/python3/dist-packages/intro_tutorial/msg/_FibonacciActionResult.py)
Linked: (/home/marco/IntelligentRobotics/catkin_ws/devel/.private/intro_tutorial/share/common-lisp/ros/intro_tutorial/srv/srv1.lisp, /home/marco/IntelligentRobotics/catkin_ws/devel/share/common-lisp/ros/intro_tutorial/srv/srv1.lisp)
Linked: (/home/marco/IntelligentRobotics/catkin_ws/devel/.private/intro_tutorial/share/common-lisp/ros/intro_tutorial/srv/intro_tutorial-srv.asd, /home/marco/IntelligentRobotics/catkin_ws/devel/share/common-lisp/ros/intro_tutorial/srv/intro_tutorial-srv.asd)
Linked: (/home/marco/IntelligentRobotics/catkin_ws/devel/.private/intro_tutorial/share/common-lisp/ros/intro_tutorial/srv/_package_srv1.lisp, /home/marco/IntelligentRobotics/catkin_ws/devel/share/common-lisp/ros/intro_tutorial/srv/_package_srv1.lisp)
Linked: (/home/marco/IntelligentRobotics/catkin_ws/devel/.private/intro_tutorial/share/common-lisp/ros/intro_tutorial/srv/_package.lisp, /home/marco/IntelligentRobotics/catkin_ws/devel/share/common-lisp/ros/intro_tutorial/srv/_package.lisp)
Linked: (/home/marco/IntelligentRobotics/catkin_ws/devel/.private/intro_tutorial/share/common-lisp/ros/intro_tutorial/msg/_package_FibonacciActionFeedback.lisp, /home/marco/IntelligentRobotics/catkin_ws/devel/share/common-lisp/ros/intro_tutorial/msg/_package_FibonacciActionFeedback.lisp)
Linked: (/home/marco/IntelligentRobotics/catkin_ws/devel/.private/intro_tutorial/share/common-lisp/ros/intro_tutorial/msg/_package_FibonacciFeedback.lisp, /home/marco/IntelligentRobotics/catkin_ws/devel/share/common-lisp/ros/intro_tutorial/msg/_package_FibonacciFeedback.lisp)
Linked: (/home/marco/IntelligentRobotics/catkin_ws/devel/.private/intro_tutorial/share/common-lisp/ros/intro_tutorial/msg/_package_FibonacciActionGoal.lisp, /home/marco/IntelligentRobotics/catkin_ws/devel/share/common-lisp/ros/intro_tutorial/msg/_package_FibonacciActionGoal.lisp)
Linked: (/home/marco/IntelligentRobotics/catkin_ws/devel/.private/intro_tutorial/share/common-lisp/ros/intro_tutorial/msg/_package_FibonacciAction.lisp, /home/marco/IntelligentRobotics/catkin_ws/devel/share/common-lisp/ros/intro_tutorial/msg/_package_FibonacciAction.lisp)
Linked: (/home/marco/IntelligentRobotics/catkin_ws/devel/.private/intro_tutorial/share/common-lisp/ros/intro_tutorial/msg/FibonacciAction.lisp, /home/marco/IntelligentRobotics/catkin_ws/devel/share/common-lisp/ros/intro_tutorial/msg/FibonacciAction.lisp)
Linked: (/home/marco/IntelligentRobotics/catkin_ws/devel/.private/intro_tutorial/share/common-lisp/ros/intro_tutorial/msg/_package_msg1.lisp, /home/marco/IntelligentRobotics/catkin_ws/devel/share/common-lisp/ros/intro_tutorial/msg/_package_msg1.lisp)
Linked: (/home/marco/IntelligentRobotics/catkin_ws/devel/.private/intro_tutorial/share/common-lisp/ros/intro_tutorial/msg/FibonacciGoal.lisp, /home/marco/IntelligentRobotics/catkin_ws/devel/share/common-lisp/ros/intro_tutorial/msg/FibonacciGoal.lisp)
Linked: (/home/marco/IntelligentRobotics/catkin_ws/devel/.private/intro_tutorial/share/common-lisp/ros/intro_tutorial/msg/_package_FibonacciResult.lisp, /home/marco/IntelligentRobotics/catkin_ws/devel/share/common-lisp/ros/intro_tutorial/msg/_package_FibonacciResult.lisp)
Linked: (/home/marco/IntelligentRobotics/catkin_ws/devel/.private/intro_tutorial/share/common-lisp/ros/intro_tutorial/msg/FibonacciActionResult.lisp, /home/marco/IntelligentRobotics/catkin_ws/devel/share/common-lisp/ros/intro_tutorial/msg/FibonacciActionResult.lisp)
Linked: (/home/marco/IntelligentRobotics/catkin_ws/devel/.private/intro_tutorial/share/common-lisp/ros/intro_tutorial/msg/_package_FibonacciActionResult.lisp, /home/marco/IntelligentRobotics/catkin_ws/devel/share/common-lisp/ros/intro_tutorial/msg/_package_FibonacciActionResult.lisp)
Linked: (/home/marco/IntelligentRobotics/catkin_ws/devel/.private/intro_tutorial/share/common-lisp/ros/intro_tutorial/msg/FibonacciActionGoal.lisp, /home/marco/IntelligentRobotics/catkin_ws/devel/share/common-lisp/ros/intro_tutorial/msg/FibonacciActionGoal.lisp)
Linked: (/home/marco/IntelligentRobotics/catkin_ws/devel/.private/intro_tutorial/share/common-lisp/ros/intro_tutorial/msg/_package_FibonacciGoal.lisp, /home/marco/IntelligentRobotics/catkin_ws/devel/share/common-lisp/ros/intro_tutorial/msg/_package_FibonacciGoal.lisp)
Linked: (/home/marco/IntelligentRobotics/catkin_ws/devel/.private/intro_tutorial/share/common-lisp/ros/intro_tutorial/msg/msg1.lisp, /home/marco/IntelligentRobotics/catkin_ws/devel/share/common-lisp/ros/intro_tutorial/msg/msg1.lisp)
Linked: (/home/marco/IntelligentRobotics/catkin_ws/devel/.private/intro_tutorial/share/common-lisp/ros/intro_tutorial/msg/intro_tutorial-msg.asd, /home/marco/IntelligentRobotics/catkin_ws/devel/share/common-lisp/ros/intro_tutorial/msg/intro_tutorial-msg.asd)
Linked: (/home/marco/IntelligentRobotics/catkin_ws/devel/.private/intro_tutorial/share/common-lisp/ros/intro_tutorial/msg/FibonacciActionFeedback.lisp, /home/marco/IntelligentRobotics/catkin_ws/devel/share/common-lisp/ros/intro_tutorial/msg/FibonacciActionFeedback.lisp)
Linked: (/home/marco/IntelligentRobotics/catkin_ws/devel/.private/intro_tutorial/share/common-lisp/ros/intro_tutorial/msg/FibonacciResult.lisp, /home/marco/IntelligentRobotics/catkin_ws/devel/share/common-lisp/ros/intro_tutorial/msg/FibonacciResult.lisp)
Linked: (/home/marco/IntelligentRobotics/catkin_ws/devel/.private/intro_tutorial/share/common-lisp/ros/intro_tutorial/msg/_package.lisp, /home/marco/IntelligentRobotics/catkin_ws/devel/share/common-lisp/ros/intro_tutorial/msg/_package.lisp)
Linked: (/home/marco/IntelligentRobotics/catkin_ws/devel/.private/intro_tutorial/share/common-lisp/ros/intro_tutorial/msg/FibonacciFeedback.lisp, /home/marco/IntelligentRobotics/catkin_ws/devel/share/common-lisp/ros/intro_tutorial/msg/FibonacciFeedback.lisp)
Linked: (/home/marco/IntelligentRobotics/catkin_ws/devel/.private/intro_tutorial/share/intro_tutorial/cmake/intro_tutorialConfig-version.cmake, /home/marco/IntelligentRobotics/catkin_ws/devel/share/intro_tutorial/cmake/intro_tutorialConfig-version.cmake)
Linked: (/home/marco/IntelligentRobotics/catkin_ws/devel/.private/intro_tutorial/share/intro_tutorial/cmake/intro_tutorial-msg-extras.cmake, /home/marco/IntelligentRobotics/catkin_ws/devel/share/intro_tutorial/cmake/intro_tutorial-msg-extras.cmake)
Linked: (/home/marco/IntelligentRobotics/catkin_ws/devel/.private/intro_tutorial/share/intro_tutorial/cmake/intro_tutorialConfig.cmake, /home/marco/IntelligentRobotics/catkin_ws/devel/share/intro_tutorial/cmake/intro_tutorialConfig.cmake)
Linked: (/home/marco/IntelligentRobotics/catkin_ws/devel/.private/intro_tutorial/share/intro_tutorial/cmake/intro_tutorial-msg-paths.cmake, /home/marco/IntelligentRobotics/catkin_ws/devel/share/intro_tutorial/cmake/intro_tutorial-msg-paths.cmake)
Linked: (/home/marco/IntelligentRobotics/catkin_ws/devel/.private/intro_tutorial/share/intro_tutorial/msg/FibonacciActionFeedback.msg, /home/marco/IntelligentRobotics/catkin_ws/devel/share/intro_tutorial/msg/FibonacciActionFeedback.msg)
Linked: (/home/marco/IntelligentRobotics/catkin_ws/devel/.private/intro_tutorial/share/intro_tutorial/msg/FibonacciResult.msg, /home/marco/IntelligentRobotics/catkin_ws/devel/share/intro_tutorial/msg/FibonacciResult.msg)
Linked: (/home/marco/IntelligentRobotics/catkin_ws/devel/.private/intro_tutorial/share/intro_tutorial/msg/FibonacciActionResult.msg, /home/marco/IntelligentRobotics/catkin_ws/devel/share/intro_tutorial/msg/FibonacciActionResult.msg)
Linked: (/home/marco/IntelligentRobotics/catkin_ws/devel/.private/intro_tutorial/share/intro_tutorial/msg/FibonacciActionGoal.msg, /home/marco/IntelligentRobotics/catkin_ws/devel/share/intro_tutorial/msg/FibonacciActionGoal.msg)
Linked: (/home/marco/IntelligentRobotics/catkin_ws/devel/.private/intro_tutorial/share/intro_tutorial/msg/FibonacciAction.msg, /home/marco/IntelligentRobotics/catkin_ws/devel/share/intro_tutorial/msg/FibonacciAction.msg)
Linked: (/home/marco/IntelligentRobotics/catkin_ws/devel/.private/intro_tutorial/share/intro_tutorial/msg/FibonacciGoal.msg, /home/marco/IntelligentRobotics/catkin_ws/devel/share/intro_tutorial/msg/FibonacciGoal.msg)
Linked: (/home/marco/IntelligentRobotics/catkin_ws/devel/.private/intro_tutorial/share/intro_tutorial/msg/FibonacciFeedback.msg, /home/marco/IntelligentRobotics/catkin_ws/devel/share/intro_tutorial/msg/FibonacciFeedback.msg)
Linked: (/home/marco/IntelligentRobotics/catkin_ws/devel/.private/intro_tutorial/share/roseus/ros/intro_tutorial/manifest.l, /home/marco/IntelligentRobotics/catkin_ws/devel/share/roseus/ros/intro_tutorial/manifest.l)
Linked: (/home/marco/IntelligentRobotics/catkin_ws/devel/.private/intro_tutorial/share/roseus/ros/intro_tutorial/srv/srv1.l, /home/marco/IntelligentRobotics/catkin_ws/devel/share/roseus/ros/intro_tutorial/srv/srv1.l)
Linked: (/home/marco/IntelligentRobotics/catkin_ws/devel/.private/intro_tutorial/share/roseus/ros/intro_tutorial/msg/FibonacciGoal.l, /home/marco/IntelligentRobotics/catkin_ws/devel/share/roseus/ros/intro_tutorial/msg/FibonacciGoal.l)
Linked: (/home/marco/IntelligentRobotics/catkin_ws/devel/.private/intro_tutorial/share/roseus/ros/intro_tutorial/msg/FibonacciAction.l, /home/marco/IntelligentRobotics/catkin_ws/devel/share/roseus/ros/intro_tutorial/msg/FibonacciAction.l)
Linked: (/home/marco/IntelligentRobotics/catkin_ws/devel/.private/intro_tutorial/share/roseus/ros/intro_tutorial/msg/FibonacciActionResult.l, /home/marco/IntelligentRobotics/catkin_ws/devel/share/roseus/ros/intro_tutorial/msg/FibonacciActionResult.l)
Linked: (/home/marco/IntelligentRobotics/catkin_ws/devel/.private/intro_tutorial/share/roseus/ros/intro_tutorial/msg/FibonacciActionGoal.l, /home/marco/IntelligentRobotics/catkin_ws/devel/share/roseus/ros/intro_tutorial/msg/FibonacciActionGoal.l)
Linked: (/home/marco/IntelligentRobotics/catkin_ws/devel/.private/intro_tutorial/share/roseus/ros/intro_tutorial/msg/FibonacciResult.l, /home/marco/IntelligentRobotics/catkin_ws/devel/share/roseus/ros/intro_tutorial/msg/FibonacciResult.l)
Linked: (/home/marco/IntelligentRobotics/catkin_ws/devel/.private/intro_tutorial/share/roseus/ros/intro_tutorial/msg/FibonacciActionFeedback.l, /home/marco/IntelligentRobotics/catkin_ws/devel/share/roseus/ros/intro_tutorial/msg/FibonacciActionFeedback.l)
Linked: (/home/marco/IntelligentRobotics/catkin_ws/devel/.private/intro_tutorial/share/roseus/ros/intro_tutorial/msg/FibonacciFeedback.l, /home/marco/IntelligentRobotics/catkin_ws/devel/share/roseus/ros/intro_tutorial/msg/FibonacciFeedback.l)
Linked: (/home/marco/IntelligentRobotics/catkin_ws/devel/.private/intro_tutorial/share/roseus/ros/intro_tutorial/msg/msg1.l, /home/marco/IntelligentRobotics/catkin_ws/devel/share/roseus/ros/intro_tutorial/msg/msg1.l)
Linked: (/home/marco/IntelligentRobotics/catkin_ws/devel/.private/intro_tutorial/share/gennodejs/ros/intro_tutorial/_index.js, /home/marco/IntelligentRobotics/catkin_ws/devel/share/gennodejs/ros/intro_tutorial/_index.js)
Linked: (/home/marco/IntelligentRobotics/catkin_ws/devel/.private/intro_tutorial/share/gennodejs/ros/intro_tutorial/srv/_index.js, /home/marco/IntelligentRobotics/catkin_ws/devel/share/gennodejs/ros/intro_tutorial/srv/_index.js)
Linked: (/home/marco/IntelligentRobotics/catkin_ws/devel/.private/intro_tutorial/share/gennodejs/ros/intro_tutorial/srv/srv1.js, /home/marco/IntelligentRobotics/catkin_ws/devel/share/gennodejs/ros/intro_tutorial/srv/srv1.js)
Linked: (/home/marco/IntelligentRobotics/catkin_ws/devel/.private/intro_tutorial/share/gennodejs/ros/intro_tutorial/msg/FibonacciActionFeedback.js, /home/marco/IntelligentRobotics/catkin_ws/devel/share/gennodejs/ros/intro_tutorial/msg/FibonacciActionFeedback.js)
Linked: (/home/marco/IntelligentRobotics/catkin_ws/devel/.private/intro_tutorial/share/gennodejs/ros/intro_tutorial/msg/FibonacciFeedback.js, /home/marco/IntelligentRobotics/catkin_ws/devel/share/gennodejs/ros/intro_tutorial/msg/FibonacciFeedback.js)
Linked: (/home/marco/IntelligentRobotics/catkin_ws/devel/.private/intro_tutorial/share/gennodejs/ros/intro_tutorial/msg/_index.js, /home/marco/IntelligentRobotics/catkin_ws/devel/share/gennodejs/ros/intro_tutorial/msg/_index.js)
Linked: (/home/marco/IntelligentRobotics/catkin_ws/devel/.private/intro_tutorial/share/gennodejs/ros/intro_tutorial/msg/msg1.js, /home/marco/IntelligentRobotics/catkin_ws/devel/share/gennodejs/ros/intro_tutorial/msg/msg1.js)
Linked: (/home/marco/IntelligentRobotics/catkin_ws/devel/.private/intro_tutorial/share/gennodejs/ros/intro_tutorial/msg/FibonacciAction.js, /home/marco/IntelligentRobotics/catkin_ws/devel/share/gennodejs/ros/intro_tutorial/msg/FibonacciAction.js)
Linked: (/home/marco/IntelligentRobotics/catkin_ws/devel/.private/intro_tutorial/share/gennodejs/ros/intro_tutorial/msg/FibonacciActionResult.js, /home/marco/IntelligentRobotics/catkin_ws/devel/share/gennodejs/ros/intro_tutorial/msg/FibonacciActionResult.js)
Linked: (/home/marco/IntelligentRobotics/catkin_ws/devel/.private/intro_tutorial/share/gennodejs/ros/intro_tutorial/msg/FibonacciActionGoal.js, /home/marco/IntelligentRobotics/catkin_ws/devel/share/gennodejs/ros/intro_tutorial/msg/FibonacciActionGoal.js)
Linked: (/home/marco/IntelligentRobotics/catkin_ws/devel/.private/intro_tutorial/share/gennodejs/ros/intro_tutorial/msg/FibonacciResult.js, /home/marco/IntelligentRobotics/catkin_ws/devel/share/gennodejs/ros/intro_tutorial/msg/FibonacciResult.js)
Linked: (/home/marco/IntelligentRobotics/catkin_ws/devel/.private/intro_tutorial/share/gennodejs/ros/intro_tutorial/msg/FibonacciGoal.js, /home/marco/IntelligentRobotics/catkin_ws/devel/share/gennodejs/ros/intro_tutorial/msg/FibonacciGoal.js)
