In file included from [01m[K/opt/ros/noetic/include/ros/ros.h:40[m[K,
                 from [01m[K/home/marco/IntelligentRobotics/catkin_ws/src/intro_tutorial/src/example3_b.cpp:1[m[K:
[01m[K/home/marco/IntelligentRobotics/catkin_ws/src/intro_tutorial/src/example3_b.cpp:[m[K In function ‘[01m[Kint main(int, char**)[m[K’:
[01m[K/home/marco/IntelligentRobotics/catkin_ws/src/intro_tutorial/src/example3_b.cpp:23:18:[m[K [01;35m[Kwarning: [m[Kformat ‘[01m[K%ld[m[K’ expects argument of type ‘[01m[Klong int[m[K’, but argument 8 has type ‘[01m[Kintro_tutorial::srv1Response_<std::allocator<void> >::_sum_type[m[K’ {aka ‘[01m[Kint[m[K’} [[01;35m[K-Wformat=[m[K]
   23 |         ROS_INFO([01;35m[K"Sum: %ld"[m[K, [32m[K(int)srv.response.sum[m[K);
      |                  [01;35m[K^~~~~~~~~~[m[K  [32m[K~~~~~~~~~~~~~~~~~~~~~[m[K
      |                              [32m[K|[m[K
      |                              [32m[Kintro_tutorial::srv1Response_<std::allocator<void> >::_sum_type {aka int}[m[K
[01m[K/opt/ros/noetic/include/ros/console.h:351:165:[m[K [01;36m[Knote: [m[Kin definition of macro ‘[01m[KROSCONSOLE_PRINT_AT_LOCATION_WITH_FILTER[m[K’
  351 |     ::ros::console::print(filter, __rosconsole_define_location__loc.logger_, __rosconsole_define_location__loc.level_, __FILE__, __LINE__, __ROSCONSOLE_FUNCTION__, [01;36m[K__VA_ARGS__[m[K)
      |                                                                                                                                                                     [01;36m[K^~~~~~~~~~~[m[K
[01m[K/opt/ros/noetic/include/ros/console.h:390:7:[m[K [01;36m[Knote: [m[Kin expansion of macro ‘[01m[KROSCONSOLE_PRINT_AT_LOCATION[m[K’
  390 |       [01;36m[KROSCONSOLE_PRINT_AT_LOCATION[m[K(__VA_ARGS__); \
      |       [01;36m[K^~~~~~~~~~~~~~~~~~~~~~~~~~~~[m[K
[01m[K/opt/ros/noetic/include/ros/console.h:575:35:[m[K [01;36m[Knote: [m[Kin expansion of macro ‘[01m[KROS_LOG_COND[m[K’
  575 | #define ROS_LOG(level, name, ...) [01;36m[KROS_LOG_COND[m[K(true, level, name, __VA_ARGS__)
      |                                   [01;36m[K^~~~~~~~~~~~[m[K
[01m[K/opt/ros/noetic/include/rosconsole/macros_generated.h:110:23:[m[K [01;36m[Knote: [m[Kin expansion of macro ‘[01m[KROS_LOG[m[K’
  110 | #define ROS_INFO(...) [01;36m[KROS_LOG[m[K(::ros::console::levels::Info, ROSCONSOLE_DEFAULT_NAME, __VA_ARGS__)
      |                       [01;36m[K^~~~~~~[m[K
[01m[K/home/marco/IntelligentRobotics/catkin_ws/src/intro_tutorial/src/example3_b.cpp:23:9:[m[K [01;36m[Knote: [m[Kin expansion of macro ‘[01m[KROS_INFO[m[K’
   23 |         [01;36m[KROS_INFO[m[K("Sum: %ld", (int)srv.response.sum);
      |         [01;36m[K^~~~~~~~[m[K
[01m[K/home/marco/IntelligentRobotics/catkin_ws/src/intro_tutorial/src/example3_b.cpp:23:26:[m[K [01;36m[Knote: [m[Kformat string is defined here
   23 |         ROS_INFO("Sum: [01;36m[K%ld[m[K", (int)srv.response.sum);
      |                        [01;36m[K~~^[m[K
      |                          [01;36m[K|[m[K
      |                          [01;36m[Klong int[m[K
      |                        [32m[K%d[m[K
