[  0%] Built target actionlib_msgs_generate_messages_cpp
[  0%] Built target std_msgs_generate_messages_cpp
[  0%] Built target _intro_tutorial_generate_messages_check_deps_FibonacciActionResult
[  0%] Built target _intro_tutorial_generate_messages_check_deps_srv1
[  0%] Built target _intro_tutorial_generate_messages_check_deps_FibonacciAction
[  0%] Built target _intro_tutorial_generate_messages_check_deps_msg1
[  0%] Built target _intro_tutorial_generate_messages_check_deps_FibonacciActionGoal
[  0%] Built target _intro_tutorial_generate_messages_check_deps_FibonacciResult
[  0%] Built target _intro_tutorial_generate_messages_check_deps_FibonacciGoal
[  0%] Built target std_msgs_generate_messages_lisp
[  0%] Built target actionlib_msgs_generate_messages_lisp
[  0%] Built target _intro_tutorial_generate_messages_check_deps_FibonacciActionFeedback
[  0%] Built target actionlib_msgs_generate_messages_eus
[  0%] Built target std_msgs_generate_messages_eus
[  0%] Built target _intro_tutorial_generate_messages_check_deps_FibonacciFeedback
[  0%] Built target std_msgs_generate_messages_nodejs
[  0%] Built target std_msgs_generate_messages_py
[  0%] Built target actionlib_msgs_generate_messages_nodejs
[  0%] Built target actionlib_msgs_generate_messages_py
[ 14%] Built target intro_tutorial_generate_messages_cpp
[ 28%] Built target intro_tutorial_generate_messages_lisp
[ 42%] Built target intro_tutorial_generate_messages_nodejs
[ 57%] Built target intro_tutorial_generate_messages_eus
[ 75%] Built target intro_tutorial_generate_messages_py
[ 78%] Built target example1_b
[ 81%] Built target example1_a
[ 84%] Built target example2_b
[ 87%] Built target example2_a
[ 90%] Built target example3_a
[ 93%] Built target example3_b
[35m[1mScanning dependencies of target fibonacci_client[0m
[ 96%] Built target fibonacci_server
[ 96%] Built target intro_tutorial_generate_messages
[ 98%] [32mBuilding CXX object CMakeFiles/fibonacci_client.dir/src/fibonacci_client.cpp.o[0m
[100%] [32m[1mLinking CXX executable /home/marco/IntelligentRobotics/catkin_ws/devel/.private/intro_tutorial/lib/intro_tutorial/fibonacci_client[0m
[100%] Built target fibonacci_client
