[  0%] Built target actionlib_msgs_generate_messages_cpp
[  0%] Built target std_msgs_generate_messages_cpp
[  0%] Built target _intro_tutorial_generate_messages_check_deps_srv1
[  0%] Built target _intro_tutorial_generate_messages_check_deps_FibonacciAction
[  0%] Built target _intro_tutorial_generate_messages_check_deps_FibonacciActionResult
[  0%] Built target _intro_tutorial_generate_messages_check_deps_msg1
[  0%] Built target _intro_tutorial_generate_messages_check_deps_FibonacciGoal
[  0%] Built target _intro_tutorial_generate_messages_check_deps_FibonacciResult
[  0%] Built target _intro_tutorial_generate_messages_check_deps_FibonacciActionGoal
[  0%] Built target _intro_tutorial_generate_messages_check_deps_FibonacciActionFeedback
[  0%] Built target std_msgs_generate_messages_lisp
[  0%] Built target actionlib_msgs_generate_messages_lisp
[  0%] Built target _intro_tutorial_generate_messages_check_deps_FibonacciFeedback
[  0%] Built target actionlib_msgs_generate_messages_eus
[  0%] Built target std_msgs_generate_messages_nodejs
[  0%] Built target std_msgs_generate_messages_eus
[  0%] Built target actionlib_msgs_generate_messages_nodejs
[  0%] Built target std_msgs_generate_messages_py
[ 14%] Built target intro_tutorial_generate_messages_cpp
[ 14%] Built target actionlib_msgs_generate_messages_py
[ 28%] Built target intro_tutorial_generate_messages_lisp
[ 42%] Built target intro_tutorial_generate_messages_nodejs
[ 57%] Built target intro_tutorial_generate_messages_eus
[ 60%] Built target example1_a
[ 64%] Built target example1_b
[ 67%] Built target example2_a
[ 70%] Built target example2_b
[ 73%] Built target example3_a
[ 90%] Built target intro_tutorial_generate_messages_py
[ 93%] Built target example3_b
[ 96%] Built target fibonacci_client
[100%] Built target fibonacci_server
[100%] Built target intro_tutorial_generate_messages
