[  0%] Built target actionlib_msgs_generate_messages_cpp
[  0%] Built target _intro_tutorial_generate_messages_check_deps_FibonacciActionResult
[  0%] Built target std_msgs_generate_messages_cpp
[  0%] Built target _intro_tutorial_generate_messages_check_deps_FibonacciAction
[  0%] Built target _intro_tutorial_generate_messages_check_deps_srv1
[  0%] Built target _intro_tutorial_generate_messages_check_deps_msg1
[  0%] Built target _intro_tutorial_generate_messages_check_deps_FibonacciGoal
[  0%] Built target _intro_tutorial_generate_messages_check_deps_FibonacciResult
[  0%] Built target std_msgs_generate_messages_lisp
[  0%] Built target _intro_tutorial_generate_messages_check_deps_FibonacciActionGoal
[  0%] Built target actionlib_msgs_generate_messages_lisp
[  0%] Built target actionlib_msgs_generate_messages_eus
[  0%] Built target _intro_tutorial_generate_messages_check_deps_FibonacciActionFeedback
[  0%] Built target _intro_tutorial_generate_messages_check_deps_FibonacciFeedback
[  0%] Built target std_msgs_generate_messages_eus
[  0%] Built target std_msgs_generate_messages_nodejs
[  0%] Built target actionlib_msgs_generate_messages_nodejs
[  0%] Built target std_msgs_generate_messages_py
[  0%] Built target actionlib_msgs_generate_messages_py
[ 31%] Built target intro_tutorial_generate_messages_cpp
[ 31%] Built target intro_tutorial_generate_messages_eus
[ 43%] Built target intro_tutorial_generate_messages_lisp
[ 57%] Built target intro_tutorial_generate_messages_nodejs
[ 75%] Built target intro_tutorial_generate_messages_py
[ 78%] Built target example1_b
[ 81%] Built target example1_a
[ 84%] Built target example2_b
[ 87%] Built target example3_a
[ 90%] Built target example2_a
[ 93%] Built target example3_b
[ 96%] Built target fibonacci_client
[ 96%] Built target intro_tutorial_generate_messages
[100%] Built target fibonacci_server
