[01m[K/home/marco/IntelligentRobotics/exercise1_ws/src/exercise1/src/cleaner_robot.cpp:8:5:[m[K [01;31m[Kerror: [m[K‘[01m[Kstring[m[K’ does not name a type; did you mean ‘[01m[Kstdin[m[K’?
    8 |     [01;31m[Kstring[m[K room_name;
      |     [01;31m[K^~~~~~[m[K
      |     [32m[Kstdin[m[K
[01m[K/home/marco/IntelligentRobotics/exercise1_ws/src/exercise1/src/cleaner_robot.cpp:12:1:[m[K [01;31m[Kerror: [m[K‘[01m[Kroom_t[m[K’ does not name a type
   12 | [01;31m[Kroom_t[m[K rooms[] = [ {"Robot Vision Lab", 1},
      | [01;31m[K^~~~~~[m[K
[01m[K/home/marco/IntelligentRobotics/exercise1_ws/src/exercise1/src/cleaner_robot.cpp:12:43:[m[K [01;31m[Kerror: [m[Kexpected unqualified-id before ‘[01m[K,[m[K’ token
   12 | room_t rooms[] = [ {"Robot Vision Lab", 1}[01;31m[K,[m[K
      |                                           [01;31m[K^[m[K
[01m[K/home/marco/IntelligentRobotics/exercise1_ws/src/exercise1/src/cleaner_robot.cpp:13:20:[m[K [01;31m[Kerror: [m[Kexpected unqualified-id before ‘[01m[K{[m[K’ token
   13 |                    [01;31m[K{[m[K"SSL Lab", 2},
      |                    [01;31m[K^[m[K
[01m[K/home/marco/IntelligentRobotics/exercise1_ws/src/exercise1/src/cleaner_robot.cpp:13:34:[m[K [01;31m[Kerror: [m[Kexpected unqualified-id before ‘[01m[K,[m[K’ token
   13 |                    {"SSL Lab", 2}[01;31m[K,[m[K
      |                                  [01;31m[K^[m[K
[01m[K/home/marco/IntelligentRobotics/exercise1_ws/src/exercise1/src/cleaner_robot.cpp:14:20:[m[K [01;31m[Kerror: [m[Kexpected unqualified-id before ‘[01m[K{[m[K’ token
   14 |                    [01;31m[K{[m[K"Neurorobotics Lab", 3},
      |                    [01;31m[K^[m[K
[01m[K/home/marco/IntelligentRobotics/exercise1_ws/src/exercise1/src/cleaner_robot.cpp:14:44:[m[K [01;31m[Kerror: [m[Kexpected unqualified-id before ‘[01m[K,[m[K’ token
   14 |                    {"Neurorobotics Lab", 3}[01;31m[K,[m[K
      |                                            [01;31m[K^[m[K
[01m[K/home/marco/IntelligentRobotics/exercise1_ws/src/exercise1/src/cleaner_robot.cpp:15:20:[m[K [01;31m[Kerror: [m[Kexpected unqualified-id before ‘[01m[K{[m[K’ token
   15 |                    [01;31m[K{[m[K"IAS Lab", 4},
      |                    [01;31m[K^[m[K
[01m[K/home/marco/IntelligentRobotics/exercise1_ws/src/exercise1/src/cleaner_robot.cpp:15:34:[m[K [01;31m[Kerror: [m[Kexpected unqualified-id before ‘[01m[K,[m[K’ token
   15 |                    {"IAS Lab", 4}[01;31m[K,[m[K
      |                                  [01;31m[K^[m[K
[01m[K/home/marco/IntelligentRobotics/exercise1_ws/src/exercise1/src/cleaner_robot.cpp:16:20:[m[K [01;31m[Kerror: [m[Kexpected unqualified-id before ‘[01m[K{[m[K’ token
   16 |                    [01;31m[K{[m[K"Autonomous Robotics Lab", 5} ];
      |                    [01;31m[K^[m[K
[01m[K/home/marco/IntelligentRobotics/exercise1_ws/src/exercise1/src/cleaner_robot.cpp:16:51:[m[K [01;31m[Kerror: [m[Kexpected unqualified-id before ‘[01m[K][m[K’ token
   16 |                    {"Autonomous Robotics Lab", 5} [01;31m[K][m[K;
      |                                                   [01;31m[K^[m[K
make[2]: *** [CMakeFiles/cleaner_robot.dir/build.make:63: CMakeFiles/cleaner_robot.dir/src/cleaner_robot.cpp.o] Error 1
make[1]: *** [CMakeFiles/Makefile2:631: CMakeFiles/cleaner_robot.dir/all] Error 2
make: *** [Makefile:141: all] Error 2
