[  0%] Built target std_msgs_generate_messages_cpp
[  0%] Built target std_msgs_generate_messages_lisp
[  0%] Built target std_msgs_generate_messages_py
[  0%] Built target std_msgs_generate_messages_nodejs
[  0%] Built target _exercise2_generate_messages_check_deps_Service
[  0%] Built target std_msgs_generate_messages_eus
[  0%] Built target _exercise2_generate_messages_check_deps_Message
[  5%] [34m[1mGenerating Javascript code from exercise2/Service.srv[0m
[ 11%] [34m[1mGenerating Lisp code from exercise2/Service.srv[0m
[ 17%] [34m[1mGenerating C++ code from exercise2/Service.srv[0m
[ 23%] [34m[1mGenerating Python code from SRV exercise2/Service[0m
[ 29%] Built target exercise2_generate_messages_lisp
[ 35%] Built target exercise2_generate_messages_nodejs
[ 41%] [34m[1mGenerating EusLisp code from exercise2/Service.srv[0m
[ 52%] Built target exercise2_generate_messages_eus
[ 58%] [34m[1mGenerating Python srv __init__.py for exercise2[0m
[ 64%] [34m[1mGenerating Python msg __init__.py for exercise2[0m
[ 70%] Built target exercise2_generate_messages_cpp
[35m[1mScanning dependencies of target cleaner_robot[0m
[ 82%] Built target charging_station
[ 88%] [32mBuilding CXX object CMakeFiles/cleaner_robot.dir/src/cleaner_robot.cpp.o[0m
[ 94%] Built target exercise2_generate_messages_py
[ 94%] Built target exercise2_generate_messages
[100%] [32m[1mLinking CXX executable /home/marco/IntelligentRobotics/exercise2_ws/devel/.private/exercise2/lib/exercise2/cleaner_robot[0m
[100%] Built target cleaner_robot
