[  0%] Built target std_msgs_generate_messages_lisp
[  0%] Built target std_msgs_generate_messages_cpp
[  0%] Built target std_msgs_generate_messages_py
[  0%] Built target std_msgs_generate_messages_nodejs
[  0%] Built target std_msgs_generate_messages_eus
[  0%] Built target _exercise2_generate_messages_check_deps_Service
[  0%] Built target _exercise2_generate_messages_check_deps_Message
[ 11%] Built target exercise2_generate_messages_cpp
[ 23%] Built target exercise2_generate_messages_lisp
[ 47%] Built target exercise2_generate_messages_py
[ 58%] Built target exercise2_generate_messages_nodejs
[35m[1mScanning dependencies of target cleaner_robot[0m
[ 76%] Built target exercise2_generate_messages_eus
[ 82%] [32mBuilding CXX object CMakeFiles/cleaner_robot.dir/src/cleaner_robot.cpp.o[0m
[ 94%] Built target charging_station
[ 94%] Built target exercise2_generate_messages
[01m[K/home/marco/IntelligentRobotics/exercise2_ws/src/exercise2/src/cleaner_robot.cpp:[m[K In function ‘[01m[Kint main(int, char**)[m[K’:
[01m[K/home/marco/IntelligentRobotics/exercise2_ws/src/exercise2/src/cleaner_robot.cpp:70:78:[m[K [01;31m[Kerror: [m[Kbase operand of ‘[01m[K->[m[K’ has non-pointer type ‘[01m[KRobot[m[K’
   70 |     ros::ServiceServer service = n.advertiseService("/get_robot_state", robot[01;31m[K->[m[Kget_robot_state);
      |                                                                              [01;31m[K^~[m[K
make[2]: *** [CMakeFiles/cleaner_robot.dir/build.make:63: CMakeFiles/cleaner_robot.dir/src/cleaner_robot.cpp.o] Error 1
make[1]: *** [CMakeFiles/Makefile2:721: CMakeFiles/cleaner_robot.dir/all] Error 2
make: *** [Makefile:141: all] Error 2
