[01m[K/home/marco/IntelligentRobotics/exercise2_ws/src/exercise2/src/cleaner_robot.cpp:[m[K In member function ‘[01m[Kvoid Robot::change_room()[m[K’:
[01m[K/home/marco/IntelligentRobotics/exercise2_ws/src/exercise2/src/cleaner_robot.cpp:50:30:[m[K [01;31m[Kerror: [m[K‘[01m[Krandom_index[m[K’ was not declared in this scope
   50 |         current_room = rooms[[01;31m[Krandom_index[m[K];
      |                              [01;31m[K^~~~~~~~~~~~[m[K
[01m[K/home/marco/IntelligentRobotics/exercise2_ws/src/exercise2/src/cleaner_robot.cpp:[m[K In member function ‘[01m[Kvoid Robot::change_room_callback(room&)[m[K’:
[01m[K/home/marco/IntelligentRobotics/exercise2_ws/src/exercise2/src/cleaner_robot.cpp:55:36:[m[K [01;31m[Kerror: [m[Kno match for ‘[01m[Koperator=[m[K’ (operand types are ‘[01m[Kroom[m[K’ and ‘[01m[Kvoid[m[K’)
   55 |         current_room = change_room([01;31m[K)[m[K;
      |                                    [01;31m[K^[m[K
[01m[K/home/marco/IntelligentRobotics/exercise2_ws/src/exercise2/src/cleaner_robot.cpp:7:8:[m[K [01;36m[Knote: [m[Kcandidate: ‘[01m[Kroom& room::operator=(const room&)[m[K’
    7 | struct [01;36m[Kroom[m[K
      |        [01;36m[K^~~~[m[K
[01m[K/home/marco/IntelligentRobotics/exercise2_ws/src/exercise2/src/cleaner_robot.cpp:7:8:[m[K [01;36m[Knote: [m[K  no known conversion for argument 1 from ‘[01m[Kvoid[m[K’ to ‘[01m[Kconst room&[m[K’
[01m[K/home/marco/IntelligentRobotics/exercise2_ws/src/exercise2/src/cleaner_robot.cpp:7:8:[m[K [01;36m[Knote: [m[Kcandidate: ‘[01m[Kroom& room::operator=(room&&)[m[K’
[01m[K/home/marco/IntelligentRobotics/exercise2_ws/src/exercise2/src/cleaner_robot.cpp:7:8:[m[K [01;36m[Knote: [m[K  no known conversion for argument 1 from ‘[01m[Kvoid[m[K’ to ‘[01m[Kroom&&[m[K’
[01m[K/home/marco/IntelligentRobotics/exercise2_ws/src/exercise2/src/cleaner_robot.cpp:[m[K In function ‘[01m[Kint main(int, char**)[m[K’:
[01m[K/home/marco/IntelligentRobotics/exercise2_ws/src/exercise2/src/cleaner_robot.cpp:69:11:[m[K [01;31m[Kerror: [m[Kno matching function for call to ‘[01m[KRobot::Robot()[m[K’
   69 |     Robot [01;31m[Krobot[m[K;
      |           [01;31m[K^~~~~[m[K
[01m[K/home/marco/IntelligentRobotics/exercise2_ws/src/exercise2/src/cleaner_robot.cpp:24:5:[m[K [01;36m[Knote: [m[Kcandidate: ‘[01m[KRobot::Robot(uint8_t, room)[m[K’
   24 |     [01;36m[KRobot[m[K(uint8_t initial_battery, room initial_room)
      |     [01;36m[K^~~~~[m[K
[01m[K/home/marco/IntelligentRobotics/exercise2_ws/src/exercise2/src/cleaner_robot.cpp:24:5:[m[K [01;36m[Knote: [m[K  candidate expects 2 arguments, 0 provided
[01m[K/home/marco/IntelligentRobotics/exercise2_ws/src/exercise2/src/cleaner_robot.cpp:21:7:[m[K [01;36m[Knote: [m[Kcandidate: ‘[01m[KRobot::Robot(const Robot&)[m[K’
   21 | class [01;36m[KRobot[m[K
      |       [01;36m[K^~~~~[m[K
[01m[K/home/marco/IntelligentRobotics/exercise2_ws/src/exercise2/src/cleaner_robot.cpp:21:7:[m[K [01;36m[Knote: [m[K  candidate expects 1 argument, 0 provided
[01m[K/home/marco/IntelligentRobotics/exercise2_ws/src/exercise2/src/cleaner_robot.cpp:21:7:[m[K [01;36m[Knote: [m[Kcandidate: ‘[01m[KRobot::Robot(Robot&&)[m[K’
[01m[K/home/marco/IntelligentRobotics/exercise2_ws/src/exercise2/src/cleaner_robot.cpp:21:7:[m[K [01;36m[Knote: [m[K  candidate expects 1 argument, 0 provided
[01m[K/home/marco/IntelligentRobotics/exercise2_ws/src/exercise2/src/cleaner_robot.cpp:71:73:[m[K [01;31m[Kerror: [m[K‘[01m[Kget_robot_state[m[K’ was not declared in this scope
   71 |     ros::ServiceServer service = n.advertiseService("/get_robot_state", [01;31m[Kget_robot_state[m[K);
      |                                                                         [01;31m[K^~~~~~~~~~~~~~~[m[K
make[2]: *** [CMakeFiles/cleaner_robot.dir/build.make:63: CMakeFiles/cleaner_robot.dir/src/cleaner_robot.cpp.o] Error 1
make[1]: *** [CMakeFiles/Makefile2:721: CMakeFiles/cleaner_robot.dir/all] Error 2
make: *** [Makefile:141: all] Error 2
