Linked: (/home/marco/IntelligentRobotics/exercise2_ws/devel/.private/exercise2/include/exercise2/ServiceResponse.h, /home/marco/IntelligentRobotics/exercise2_ws/devel/include/exercise2/ServiceResponse.h)
Linked: (/home/marco/IntelligentRobotics/exercise2_ws/devel/.private/exercise2/include/exercise2/Message.h, /home/marco/IntelligentRobotics/exercise2_ws/devel/include/exercise2/Message.h)
Linked: (/home/marco/IntelligentRobotics/exercise2_ws/devel/.private/exercise2/include/exercise2/ServiceRequest.h, /home/marco/IntelligentRobotics/exercise2_ws/devel/include/exercise2/ServiceRequest.h)
Linked: (/home/marco/IntelligentRobotics/exercise2_ws/devel/.private/exercise2/include/exercise2/Service.h, /home/marco/IntelligentRobotics/exercise2_ws/devel/include/exercise2/Service.h)
Linked: (/home/marco/IntelligentRobotics/exercise2_ws/devel/.private/exercise2/lib/exercise2/charging_station, /home/marco/IntelligentRobotics/exercise2_ws/devel/lib/exercise2/charging_station)
Linked: (/home/marco/IntelligentRobotics/exercise2_ws/devel/.private/exercise2/lib/exercise2/cleaner_robot, /home/marco/IntelligentRobotics/exercise2_ws/devel/lib/exercise2/cleaner_robot)
Linked: (/home/marco/IntelligentRobotics/exercise2_ws/devel/.private/exercise2/lib/pkgconfig/exercise2.pc, /home/marco/IntelligentRobotics/exercise2_ws/devel/lib/pkgconfig/exercise2.pc)
Linked: (/home/marco/IntelligentRobotics/exercise2_ws/devel/.private/exercise2/lib/python3/dist-packages/exercise2/__init__.py, /home/marco/IntelligentRobotics/exercise2_ws/devel/lib/python3/dist-packages/exercise2/__init__.py)
Linked: (/home/marco/IntelligentRobotics/exercise2_ws/devel/.private/exercise2/lib/python3/dist-packages/exercise2/srv/_Service.py, /home/marco/IntelligentRobotics/exercise2_ws/devel/lib/python3/dist-packages/exercise2/srv/_Service.py)
Linked: (/home/marco/IntelligentRobotics/exercise2_ws/devel/.private/exercise2/lib/python3/dist-packages/exercise2/srv/__init__.py, /home/marco/IntelligentRobotics/exercise2_ws/devel/lib/python3/dist-packages/exercise2/srv/__init__.py)
Linked: (/home/marco/IntelligentRobotics/exercise2_ws/devel/.private/exercise2/lib/python3/dist-packages/exercise2/msg/_Message.py, /home/marco/IntelligentRobotics/exercise2_ws/devel/lib/python3/dist-packages/exercise2/msg/_Message.py)
Linked: (/home/marco/IntelligentRobotics/exercise2_ws/devel/.private/exercise2/lib/python3/dist-packages/exercise2/msg/__init__.py, /home/marco/IntelligentRobotics/exercise2_ws/devel/lib/python3/dist-packages/exercise2/msg/__init__.py)
Linked: (/home/marco/IntelligentRobotics/exercise2_ws/devel/.private/exercise2/share/exercise2/cmake/exercise2-msg-paths.cmake, /home/marco/IntelligentRobotics/exercise2_ws/devel/share/exercise2/cmake/exercise2-msg-paths.cmake)
Linked: (/home/marco/IntelligentRobotics/exercise2_ws/devel/.private/exercise2/share/exercise2/cmake/exercise2-msg-extras.cmake, /home/marco/IntelligentRobotics/exercise2_ws/devel/share/exercise2/cmake/exercise2-msg-extras.cmake)
Linked: (/home/marco/IntelligentRobotics/exercise2_ws/devel/.private/exercise2/share/exercise2/cmake/exercise2Config.cmake, /home/marco/IntelligentRobotics/exercise2_ws/devel/share/exercise2/cmake/exercise2Config.cmake)
Linked: (/home/marco/IntelligentRobotics/exercise2_ws/devel/.private/exercise2/share/exercise2/cmake/exercise2Config-version.cmake, /home/marco/IntelligentRobotics/exercise2_ws/devel/share/exercise2/cmake/exercise2Config-version.cmake)
Linked: (/home/marco/IntelligentRobotics/exercise2_ws/devel/.private/exercise2/share/common-lisp/ros/exercise2/srv/Service.lisp, /home/marco/IntelligentRobotics/exercise2_ws/devel/share/common-lisp/ros/exercise2/srv/Service.lisp)
Linked: (/home/marco/IntelligentRobotics/exercise2_ws/devel/.private/exercise2/share/common-lisp/ros/exercise2/srv/exercise2-srv.asd, /home/marco/IntelligentRobotics/exercise2_ws/devel/share/common-lisp/ros/exercise2/srv/exercise2-srv.asd)
Linked: (/home/marco/IntelligentRobotics/exercise2_ws/devel/.private/exercise2/share/common-lisp/ros/exercise2/srv/_package_Service.lisp, /home/marco/IntelligentRobotics/exercise2_ws/devel/share/common-lisp/ros/exercise2/srv/_package_Service.lisp)
Linked: (/home/marco/IntelligentRobotics/exercise2_ws/devel/.private/exercise2/share/common-lisp/ros/exercise2/srv/_package.lisp, /home/marco/IntelligentRobotics/exercise2_ws/devel/share/common-lisp/ros/exercise2/srv/_package.lisp)
Linked: (/home/marco/IntelligentRobotics/exercise2_ws/devel/.private/exercise2/share/common-lisp/ros/exercise2/msg/Message.lisp, /home/marco/IntelligentRobotics/exercise2_ws/devel/share/common-lisp/ros/exercise2/msg/Message.lisp)
Linked: (/home/marco/IntelligentRobotics/exercise2_ws/devel/.private/exercise2/share/common-lisp/ros/exercise2/msg/_package_Message.lisp, /home/marco/IntelligentRobotics/exercise2_ws/devel/share/common-lisp/ros/exercise2/msg/_package_Message.lisp)
Linked: (/home/marco/IntelligentRobotics/exercise2_ws/devel/.private/exercise2/share/common-lisp/ros/exercise2/msg/exercise2-msg.asd, /home/marco/IntelligentRobotics/exercise2_ws/devel/share/common-lisp/ros/exercise2/msg/exercise2-msg.asd)
Linked: (/home/marco/IntelligentRobotics/exercise2_ws/devel/.private/exercise2/share/common-lisp/ros/exercise2/msg/_package.lisp, /home/marco/IntelligentRobotics/exercise2_ws/devel/share/common-lisp/ros/exercise2/msg/_package.lisp)
Linked: (/home/marco/IntelligentRobotics/exercise2_ws/devel/.private/exercise2/share/roseus/ros/exercise2/manifest.l, /home/marco/IntelligentRobotics/exercise2_ws/devel/share/roseus/ros/exercise2/manifest.l)
Linked: (/home/marco/IntelligentRobotics/exercise2_ws/devel/.private/exercise2/share/roseus/ros/exercise2/srv/Service.l, /home/marco/IntelligentRobotics/exercise2_ws/devel/share/roseus/ros/exercise2/srv/Service.l)
Linked: (/home/marco/IntelligentRobotics/exercise2_ws/devel/.private/exercise2/share/roseus/ros/exercise2/msg/Message.l, /home/marco/IntelligentRobotics/exercise2_ws/devel/share/roseus/ros/exercise2/msg/Message.l)
Linked: (/home/marco/IntelligentRobotics/exercise2_ws/devel/.private/exercise2/share/gennodejs/ros/exercise2/_index.js, /home/marco/IntelligentRobotics/exercise2_ws/devel/share/gennodejs/ros/exercise2/_index.js)
Linked: (/home/marco/IntelligentRobotics/exercise2_ws/devel/.private/exercise2/share/gennodejs/ros/exercise2/srv/_index.js, /home/marco/IntelligentRobotics/exercise2_ws/devel/share/gennodejs/ros/exercise2/srv/_index.js)
Linked: (/home/marco/IntelligentRobotics/exercise2_ws/devel/.private/exercise2/share/gennodejs/ros/exercise2/srv/Service.js, /home/marco/IntelligentRobotics/exercise2_ws/devel/share/gennodejs/ros/exercise2/srv/Service.js)
Linked: (/home/marco/IntelligentRobotics/exercise2_ws/devel/.private/exercise2/share/gennodejs/ros/exercise2/msg/_index.js, /home/marco/IntelligentRobotics/exercise2_ws/devel/share/gennodejs/ros/exercise2/msg/_index.js)
Linked: (/home/marco/IntelligentRobotics/exercise2_ws/devel/.private/exercise2/share/gennodejs/ros/exercise2/msg/Message.js, /home/marco/IntelligentRobotics/exercise2_ws/devel/share/gennodejs/ros/exercise2/msg/Message.js)
