[01m[K/home/marco/IntelligentRobotics/exercise2_ws/src/exercise2/src/cleaner_robot.cpp:[m[K In constructor ‘[01m[KRobot::Robot(uint8_t, room)[m[K’:
[01m[K/home/marco/IntelligentRobotics/exercise2_ws/src/exercise2/src/cleaner_robot.cpp:26:14:[m[K [01;31m[Kerror: [m[Krequest for member ‘[01m[Kbattery[m[K’ in ‘[01m[K(Robot*)this[m[K’, which is of pointer type ‘[01m[KRobot*[m[K’ (maybe you meant to use ‘[01m[K->[m[K’ ?)
   26 |         this.[01;31m[Kbattery[m[K = initial_battery;
      |              [01;31m[K^~~~~~~[m[K
[01m[K/home/marco/IntelligentRobotics/exercise2_ws/src/exercise2/src/cleaner_robot.cpp:27:14:[m[K [01;31m[Kerror: [m[Krequest for member ‘[01m[Kcurrent_room[m[K’ in ‘[01m[K(Robot*)this[m[K’, which is of pointer type ‘[01m[KRobot*[m[K’ (maybe you meant to use ‘[01m[K->[m[K’ ?)
   27 |         this.[01;31m[Kcurrent_room[m[K = initial_room;
      |              [01;31m[K^~~~~~~~~~~~[m[K
[01m[K/home/marco/IntelligentRobotics/exercise2_ws/src/exercise2/src/cleaner_robot.cpp:[m[K In member function ‘[01m[Kvoid Robot::decrease_battery()[m[K’:
[01m[K/home/marco/IntelligentRobotics/exercise2_ws/src/exercise2/src/cleaner_robot.cpp:45:14:[m[K [01;31m[Kerror: [m[Krequest for member ‘[01m[Kbattery[m[K’ in ‘[01m[K(Robot*)this[m[K’, which is of pointer type ‘[01m[KRobot*[m[K’ (maybe you meant to use ‘[01m[K->[m[K’ ?)
   45 |         this.[01;31m[Kbattery[m[K = (this.battery > 0) ? (this.battery - 1) : 100;
      |              [01;31m[K^~~~~~~[m[K
[01m[K/home/marco/IntelligentRobotics/exercise2_ws/src/exercise2/src/cleaner_robot.cpp:45:30:[m[K [01;31m[Kerror: [m[Krequest for member ‘[01m[Kbattery[m[K’ in ‘[01m[K(Robot*)this[m[K’, which is of pointer type ‘[01m[KRobot*[m[K’ (maybe you meant to use ‘[01m[K->[m[K’ ?)
   45 |         this.battery = (this.[01;31m[Kbattery[m[K > 0) ? (this.battery - 1) : 100;
      |                              [01;31m[K^~~~~~~[m[K
[01m[K/home/marco/IntelligentRobotics/exercise2_ws/src/exercise2/src/cleaner_robot.cpp:45:51:[m[K [01;31m[Kerror: [m[Krequest for member ‘[01m[Kbattery[m[K’ in ‘[01m[K(Robot*)this[m[K’, which is of pointer type ‘[01m[KRobot*[m[K’ (maybe you meant to use ‘[01m[K->[m[K’ ?)
   45 |         this.battery = (this.battery > 0) ? (this.[01;31m[Kbattery[m[K - 1) : 100;
      |                                                   [01;31m[K^~~~~~~[m[K
[01m[K/home/marco/IntelligentRobotics/exercise2_ws/src/exercise2/src/cleaner_robot.cpp:[m[K In member function ‘[01m[Kvoid Robot::change_room()[m[K’:
[01m[K/home/marco/IntelligentRobotics/exercise2_ws/src/exercise2/src/cleaner_robot.cpp:50:14:[m[K [01;31m[Kerror: [m[Krequest for member ‘[01m[Kcurrent_room[m[K’ in ‘[01m[K(Robot*)this[m[K’, which is of pointer type ‘[01m[KRobot*[m[K’ (maybe you meant to use ‘[01m[K->[m[K’ ?)
   50 |         this.[01;31m[Kcurrent_room[m[K = rooms[1];
      |              [01;31m[K^~~~~~~~~~~~[m[K
[01m[K/home/marco/IntelligentRobotics/exercise2_ws/src/exercise2/src/cleaner_robot.cpp:[m[K In member function ‘[01m[Kint Robot::get_battery_level()[m[K’:
[01m[K/home/marco/IntelligentRobotics/exercise2_ws/src/exercise2/src/cleaner_robot.cpp:60:21:[m[K [01;31m[Kerror: [m[Krequest for member ‘[01m[Kbattery[m[K’ in ‘[01m[K(Robot*)this[m[K’, which is of pointer type ‘[01m[KRobot*[m[K’ (maybe you meant to use ‘[01m[K->[m[K’ ?)
   60 |         return this.[01;31m[Kbattery[m[K;
      |                     [01;31m[K^~~~~~~[m[K
[01m[K/home/marco/IntelligentRobotics/exercise2_ws/src/exercise2/src/cleaner_robot.cpp:[m[K In function ‘[01m[Kint main(int, char**)[m[K’:
[01m[K/home/marco/IntelligentRobotics/exercise2_ws/src/exercise2/src/cleaner_robot.cpp:74:79:[m[K [01;31m[Kerror: [m[Kinvalid use of non-static member function ‘[01m[Kbool Robot::get_robot_state(exercise2::Service::Request&, exercise2::Service::Response&)[m[K’
   74 |     ros::ServiceServer service = n.advertiseService("/get_robot_state", [01;31m[Krobot.get_robot_state[m[K);
      |                                                                         [01;31m[K~~~~~~^~~~~~~~~~~~~~~[m[K
[01m[K/home/marco/IntelligentRobotics/exercise2_ws/src/exercise2/src/cleaner_robot.cpp:30:10:[m[K [01;36m[Knote: [m[Kdeclared here
   30 |     bool [01;36m[Kget_robot_state[m[K(exercise2::Service::Request &req, exercise2::Service::Response &res)
      |          [01;36m[K^~~~~~~~~~~~~~~[m[K
make[2]: *** [CMakeFiles/cleaner_robot.dir/build.make:63: CMakeFiles/cleaner_robot.dir/src/cleaner_robot.cpp.o] Error 1
make[1]: *** [CMakeFiles/Makefile2:721: CMakeFiles/cleaner_robot.dir/all] Error 2
make: *** [Makefile:141: all] Error 2
