[01m[K/home/marco/IntelligentRobotics/exercise2_ws/src/exercise2/src/cleaner_robot.cpp:[m[K In member function ‘[01m[Kvoid Robot::change_room_callback(room&)[m[K’:
[01m[K/home/marco/IntelligentRobotics/exercise2_ws/src/exercise2/src/cleaner_robot.cpp:55:36:[m[K [01;31m[Kerror: [m[Kno match for ‘[01m[Koperator=[m[K’ (operand types are ‘[01m[Kroom[m[K’ and ‘[01m[Kvoid[m[K’)
   55 |         current_room = change_room([01;31m[K)[m[K;
      |                                    [01;31m[K^[m[K
[01m[K/home/marco/IntelligentRobotics/exercise2_ws/src/exercise2/src/cleaner_robot.cpp:7:8:[m[K [01;36m[Knote: [m[Kcandidate: ‘[01m[Kroom& room::operator=(const room&)[m[K’
    7 | struct [01;36m[Kroom[m[K
      |        [01;36m[K^~~~[m[K
[01m[K/home/marco/IntelligentRobotics/exercise2_ws/src/exercise2/src/cleaner_robot.cpp:7:8:[m[K [01;36m[Knote: [m[K  no known conversion for argument 1 from ‘[01m[Kvoid[m[K’ to ‘[01m[Kconst room&[m[K’
[01m[K/home/marco/IntelligentRobotics/exercise2_ws/src/exercise2/src/cleaner_robot.cpp:7:8:[m[K [01;36m[Knote: [m[Kcandidate: ‘[01m[Kroom& room::operator=(room&&)[m[K’
[01m[K/home/marco/IntelligentRobotics/exercise2_ws/src/exercise2/src/cleaner_robot.cpp:7:8:[m[K [01;36m[Knote: [m[K  no known conversion for argument 1 from ‘[01m[Kvoid[m[K’ to ‘[01m[Kroom&&[m[K’
[01m[K/home/marco/IntelligentRobotics/exercise2_ws/src/exercise2/src/cleaner_robot.cpp:[m[K In function ‘[01m[Kint main(int, char**)[m[K’:
[01m[K/home/marco/IntelligentRobotics/exercise2_ws/src/exercise2/src/cleaner_robot.cpp:72:79:[m[K [01;31m[Kerror: [m[Kinvalid use of non-static member function ‘[01m[Kbool Robot::get_robot_state(exercise2::Service::Request&, exercise2::Service::Response&)[m[K’
   72 |     ros::ServiceServer service = n.advertiseService("/get_robot_state", [01;31m[Krobot.get_robot_state[m[K);
      |                                                                         [01;31m[K~~~~~~^~~~~~~~~~~~~~~[m[K
[01m[K/home/marco/IntelligentRobotics/exercise2_ws/src/exercise2/src/cleaner_robot.cpp:30:10:[m[K [01;36m[Knote: [m[Kdeclared here
   30 |     bool [01;36m[Kget_robot_state[m[K(exercise2::Service::Request &req, exercise2::Service::Response &res)
      |          [01;36m[K^~~~~~~~~~~~~~~[m[K
make[2]: *** [CMakeFiles/cleaner_robot.dir/build.make:63: CMakeFiles/cleaner_robot.dir/src/cleaner_robot.cpp.o] Error 1
make[1]: *** [CMakeFiles/Makefile2:721: CMakeFiles/cleaner_robot.dir/all] Error 2
make: *** [Makefile:141: all] Error 2
