Symlinking /home/marco/IntelligentRobotics/exercise2_ws/devel/include/exercise2/ServiceResponse.h
Symlinking /home/marco/IntelligentRobotics/exercise2_ws/devel/include/exercise2/Message.h
Symlinking /home/marco/IntelligentRobotics/exercise2_ws/devel/include/exercise2/ServiceRequest.h
Symlinking /home/marco/IntelligentRobotics/exercise2_ws/devel/include/exercise2/Service.h
Symlinking /home/marco/IntelligentRobotics/exercise2_ws/devel/lib/exercise2/charging_station
Symlinking /home/marco/IntelligentRobotics/exercise2_ws/devel/lib/exercise2/cleaner_robot
Linked: (/home/marco/IntelligentRobotics/exercise2_ws/devel/.private/exercise2/lib/pkgconfig/exercise2.pc, /home/marco/IntelligentRobotics/exercise2_ws/devel/lib/pkgconfig/exercise2.pc)
Symlinking /home/marco/IntelligentRobotics/exercise2_ws/devel/lib/python3/dist-packages/exercise2/__init__.py
Symlinking /home/marco/IntelligentRobotics/exercise2_ws/devel/lib/python3/dist-packages/exercise2/srv/_Service.py
Symlinking /home/marco/IntelligentRobotics/exercise2_ws/devel/lib/python3/dist-packages/exercise2/srv/__init__.py
Symlinking /home/marco/IntelligentRobotics/exercise2_ws/devel/lib/python3/dist-packages/exercise2/msg/_Message.py
Symlinking /home/marco/IntelligentRobotics/exercise2_ws/devel/lib/python3/dist-packages/exercise2/msg/__init__.py
Symlinking /home/marco/IntelligentRobotics/exercise2_ws/devel/share/exercise2/cmake/exercise2-msg-paths.cmake
Symlinking /home/marco/IntelligentRobotics/exercise2_ws/devel/share/exercise2/cmake/exercise2-msg-extras.cmake
Linked: (/home/marco/IntelligentRobotics/exercise2_ws/devel/.private/exercise2/share/exercise2/cmake/exercise2Config.cmake, /home/marco/IntelligentRobotics/exercise2_ws/devel/share/exercise2/cmake/exercise2Config.cmake)
Linked: (/home/marco/IntelligentRobotics/exercise2_ws/devel/.private/exercise2/share/exercise2/cmake/exercise2Config-version.cmake, /home/marco/IntelligentRobotics/exercise2_ws/devel/share/exercise2/cmake/exercise2Config-version.cmake)
Symlinking /home/marco/IntelligentRobotics/exercise2_ws/devel/share/common-lisp/ros/exercise2/srv/Service.lisp
Symlinking /home/marco/IntelligentRobotics/exercise2_ws/devel/share/common-lisp/ros/exercise2/srv/exercise2-srv.asd
Symlinking /home/marco/IntelligentRobotics/exercise2_ws/devel/share/common-lisp/ros/exercise2/srv/_package_Service.lisp
Symlinking /home/marco/IntelligentRobotics/exercise2_ws/devel/share/common-lisp/ros/exercise2/srv/_package.lisp
Symlinking /home/marco/IntelligentRobotics/exercise2_ws/devel/share/common-lisp/ros/exercise2/msg/Message.lisp
Symlinking /home/marco/IntelligentRobotics/exercise2_ws/devel/share/common-lisp/ros/exercise2/msg/_package_Message.lisp
Symlinking /home/marco/IntelligentRobotics/exercise2_ws/devel/share/common-lisp/ros/exercise2/msg/exercise2-msg.asd
Symlinking /home/marco/IntelligentRobotics/exercise2_ws/devel/share/common-lisp/ros/exercise2/msg/_package.lisp
Symlinking /home/marco/IntelligentRobotics/exercise2_ws/devel/share/roseus/ros/exercise2/manifest.l
Symlinking /home/marco/IntelligentRobotics/exercise2_ws/devel/share/roseus/ros/exercise2/srv/Service.l
Symlinking /home/marco/IntelligentRobotics/exercise2_ws/devel/share/roseus/ros/exercise2/msg/Message.l
Symlinking /home/marco/IntelligentRobotics/exercise2_ws/devel/share/gennodejs/ros/exercise2/_index.js
Symlinking /home/marco/IntelligentRobotics/exercise2_ws/devel/share/gennodejs/ros/exercise2/srv/_index.js
Symlinking /home/marco/IntelligentRobotics/exercise2_ws/devel/share/gennodejs/ros/exercise2/srv/Service.js
Symlinking /home/marco/IntelligentRobotics/exercise2_ws/devel/share/gennodejs/ros/exercise2/msg/_index.js
Symlinking /home/marco/IntelligentRobotics/exercise2_ws/devel/share/gennodejs/ros/exercise2/msg/Message.js
