Linked: (/home/marco/IntelligentRobotics/exercise1_ws/devel/.private/exercise1/include/exercise1/Message.h, /home/marco/IntelligentRobotics/exercise1_ws/devel/include/exercise1/Message.h)
Linked: (/home/marco/IntelligentRobotics/exercise1_ws/devel/.private/exercise1/lib/pkgconfig/exercise1.pc, /home/marco/IntelligentRobotics/exercise1_ws/devel/lib/pkgconfig/exercise1.pc)
Linked: (/home/marco/IntelligentRobotics/exercise1_ws/devel/.private/exercise1/lib/exercise1/charging_station, /home/marco/IntelligentRobotics/exercise1_ws/devel/lib/exercise1/charging_station)
Linked: (/home/marco/IntelligentRobotics/exercise1_ws/devel/.private/exercise1/lib/exercise1/cleaner_robot, /home/marco/IntelligentRobotics/exercise1_ws/devel/lib/exercise1/cleaner_robot)
Linked: (/home/marco/IntelligentRobotics/exercise1_ws/devel/.private/exercise1/lib/python3/dist-packages/exercise1/__init__.py, /home/marco/IntelligentRobotics/exercise1_ws/devel/lib/python3/dist-packages/exercise1/__init__.py)
Linked: (/home/marco/IntelligentRobotics/exercise1_ws/devel/.private/exercise1/lib/python3/dist-packages/exercise1/msg/_Message.py, /home/marco/IntelligentRobotics/exercise1_ws/devel/lib/python3/dist-packages/exercise1/msg/_Message.py)
Linked: (/home/marco/IntelligentRobotics/exercise1_ws/devel/.private/exercise1/lib/python3/dist-packages/exercise1/msg/__init__.py, /home/marco/IntelligentRobotics/exercise1_ws/devel/lib/python3/dist-packages/exercise1/msg/__init__.py)
Linked: (/home/marco/IntelligentRobotics/exercise1_ws/devel/.private/exercise1/share/common-lisp/ros/exercise1/msg/Message.lisp, /home/marco/IntelligentRobotics/exercise1_ws/devel/share/common-lisp/ros/exercise1/msg/Message.lisp)
Linked: (/home/marco/IntelligentRobotics/exercise1_ws/devel/.private/exercise1/share/common-lisp/ros/exercise1/msg/_package_Message.lisp, /home/marco/IntelligentRobotics/exercise1_ws/devel/share/common-lisp/ros/exercise1/msg/_package_Message.lisp)
Linked: (/home/marco/IntelligentRobotics/exercise1_ws/devel/.private/exercise1/share/common-lisp/ros/exercise1/msg/exercise1-msg.asd, /home/marco/IntelligentRobotics/exercise1_ws/devel/share/common-lisp/ros/exercise1/msg/exercise1-msg.asd)
Linked: (/home/marco/IntelligentRobotics/exercise1_ws/devel/.private/exercise1/share/common-lisp/ros/exercise1/msg/_package.lisp, /home/marco/IntelligentRobotics/exercise1_ws/devel/share/common-lisp/ros/exercise1/msg/_package.lisp)
Linked: (/home/marco/IntelligentRobotics/exercise1_ws/devel/.private/exercise1/share/roseus/ros/exercise1/manifest.l, /home/marco/IntelligentRobotics/exercise1_ws/devel/share/roseus/ros/exercise1/manifest.l)
Linked: (/home/marco/IntelligentRobotics/exercise1_ws/devel/.private/exercise1/share/roseus/ros/exercise1/msg/Message.l, /home/marco/IntelligentRobotics/exercise1_ws/devel/share/roseus/ros/exercise1/msg/Message.l)
Linked: (/home/marco/IntelligentRobotics/exercise1_ws/devel/.private/exercise1/share/gennodejs/ros/exercise1/_index.js, /home/marco/IntelligentRobotics/exercise1_ws/devel/share/gennodejs/ros/exercise1/_index.js)
Linked: (/home/marco/IntelligentRobotics/exercise1_ws/devel/.private/exercise1/share/gennodejs/ros/exercise1/msg/_index.js, /home/marco/IntelligentRobotics/exercise1_ws/devel/share/gennodejs/ros/exercise1/msg/_index.js)
Linked: (/home/marco/IntelligentRobotics/exercise1_ws/devel/.private/exercise1/share/gennodejs/ros/exercise1/msg/Message.js, /home/marco/IntelligentRobotics/exercise1_ws/devel/share/gennodejs/ros/exercise1/msg/Message.js)
Linked: (/home/marco/IntelligentRobotics/exercise1_ws/devel/.private/exercise1/share/exercise1/cmake/exercise1Config-version.cmake, /home/marco/IntelligentRobotics/exercise1_ws/devel/share/exercise1/cmake/exercise1Config-version.cmake)
Linked: (/home/marco/IntelligentRobotics/exercise1_ws/devel/.private/exercise1/share/exercise1/cmake/exercise1-msg-extras.cmake, /home/marco/IntelligentRobotics/exercise1_ws/devel/share/exercise1/cmake/exercise1-msg-extras.cmake)
Linked: (/home/marco/IntelligentRobotics/exercise1_ws/devel/.private/exercise1/share/exercise1/cmake/exercise1Config.cmake, /home/marco/IntelligentRobotics/exercise1_ws/devel/share/exercise1/cmake/exercise1Config.cmake)
Linked: (/home/marco/IntelligentRobotics/exercise1_ws/devel/.private/exercise1/share/exercise1/cmake/exercise1-msg-paths.cmake, /home/marco/IntelligentRobotics/exercise1_ws/devel/share/exercise1/cmake/exercise1-msg-paths.cmake)
