[01m[K/home/marco/IntelligentRobotics/exercise1_ws/src/exercise1/src/cleaner_robot.cpp:[m[K In function ‘[01m[Kint main(int, char**)[m[K’:
[01m[K/home/marco/IntelligentRobotics/exercise1_ws/src/exercise1/src/cleaner_robot.cpp:53:82:[m[K [01;31m[Kerror: [m[Kno matching function for call to ‘[01m[Kros::NodeHandle::createTimer(ros::Rate, main(int, char**)::<lambda(const ros::TimerEvent&)>)[m[K’
   53 |                                                    { decrease_battery(battery); }[01;31m[K)[m[K;
      |                                                                                  [01;31m[K^[m[K
In file included from [01m[K/opt/ros/noetic/include/ros/ros.h:45[m[K,
                 from [01m[K/home/marco/IntelligentRobotics/exercise1_ws/src/exercise1/src/cleaner_robot.cpp:1[m[K:
[01m[K/opt/ros/noetic/include/ros/node_handle.h:1294:9:[m[K [01;36m[Knote: [m[Kcandidate: ‘[01m[Ktemplate<class Handler, class Obj> ros::Timer ros::NodeHandle::createTimer(ros::Rate, Handler, Obj, bool, bool) const[m[K’
 1294 |   Timer [01;36m[KcreateTimer[m[K(Rate r, Handler h, Obj o, bool oneshot = false, bool autostart = true) const
      |         [01;36m[K^~~~~~~~~~~[m[K
[01m[K/opt/ros/noetic/include/ros/node_handle.h:1294:9:[m[K [01;36m[Knote: [m[K  template argument deduction/substitution failed:
[01m[K/home/marco/IntelligentRobotics/exercise1_ws/src/exercise1/src/cleaner_robot.cpp:53:82:[m[K [01;36m[Knote: [m[K  candidate expects 5 arguments, 2 provided
   53 |                                                    { decrease_battery(battery); }[01;36m[K)[m[K;
      |                                                                                  [01;36m[K^[m[K
In file included from [01m[K/opt/ros/noetic/include/ros/ros.h:45[m[K,
                 from [01m[K/home/marco/IntelligentRobotics/exercise1_ws/src/exercise1/src/cleaner_robot.cpp:1[m[K:
[01m[K/opt/ros/noetic/include/ros/node_handle.h:1313:9:[m[K [01;36m[Knote: [m[Kcandidate: ‘[01m[Ktemplate<class T> ros::Timer ros::NodeHandle::createTimer(ros::Duration, void (T::*)(const ros::TimerEvent&) const, T*, bool, bool) const[m[K’
 1313 |   Timer [01;36m[KcreateTimer[m[K(Duration period, void(T::*callback)(const TimerEvent&) const, T* obj,
      |         [01;36m[K^~~~~~~~~~~[m[K
[01m[K/opt/ros/noetic/include/ros/node_handle.h:1313:9:[m[K [01;36m[Knote: [m[K  template argument deduction/substitution failed:
[01m[K/home/marco/IntelligentRobotics/exercise1_ws/src/exercise1/src/cleaner_robot.cpp:53:82:[m[K [01;36m[Knote: [m[K  mismatched types ‘[01m[Kvoid (T::*)(const ros::TimerEvent&) const[m[K’ and ‘[01m[Kmain(int, char**)::<lambda(const ros::TimerEvent&)>[m[K’
   53 |                                                    { decrease_battery(battery); }[01;36m[K)[m[K;
      |                                                                                  [01;36m[K^[m[K
In file included from [01m[K/opt/ros/noetic/include/ros/ros.h:45[m[K,
                 from [01m[K/home/marco/IntelligentRobotics/exercise1_ws/src/exercise1/src/cleaner_robot.cpp:1[m[K:
[01m[K/opt/ros/noetic/include/ros/node_handle.h:1333:9:[m[K [01;36m[Knote: [m[Kcandidate: ‘[01m[Ktemplate<class T> ros::Timer ros::NodeHandle::createTimer(ros::Duration, void (T::*)(const ros::TimerEvent&), T*, bool, bool) const[m[K’
 1333 |   Timer [01;36m[KcreateTimer[m[K(Duration period, void(T::*callback)(const TimerEvent&), T* obj,
      |         [01;36m[K^~~~~~~~~~~[m[K
[01m[K/opt/ros/noetic/include/ros/node_handle.h:1333:9:[m[K [01;36m[Knote: [m[K  template argument deduction/substitution failed:
[01m[K/home/marco/IntelligentRobotics/exercise1_ws/src/exercise1/src/cleaner_robot.cpp:53:82:[m[K [01;36m[Knote: [m[K  mismatched types ‘[01m[Kvoid (T::*)(const ros::TimerEvent&)[m[K’ and ‘[01m[Kmain(int, char**)::<lambda(const ros::TimerEvent&)>[m[K’
   53 |                                                    { decrease_battery(battery); }[01;36m[K)[m[K;
      |                                                                                  [01;36m[K^[m[K
In file included from [01m[K/opt/ros/noetic/include/ros/ros.h:45[m[K,
                 from [01m[K/home/marco/IntelligentRobotics/exercise1_ws/src/exercise1/src/cleaner_robot.cpp:1[m[K:
[01m[K/opt/ros/noetic/include/ros/node_handle.h:1355:9:[m[K [01;36m[Knote: [m[Kcandidate: ‘[01m[Ktemplate<class T> ros::Timer ros::NodeHandle::createTimer(ros::Duration, void (T::*)(const ros::TimerEvent&), const boost::shared_ptr<X>&, bool, bool) const[m[K’
 1355 |   Timer [01;36m[KcreateTimer[m[K(Duration period, void(T::*callback)(const TimerEvent&), const boost::shared_ptr<T>& obj,
      |         [01;36m[K^~~~~~~~~~~[m[K
[01m[K/opt/ros/noetic/include/ros/node_handle.h:1355:9:[m[K [01;36m[Knote: [m[K  template argument deduction/substitution failed:
[01m[K/home/marco/IntelligentRobotics/exercise1_ws/src/exercise1/src/cleaner_robot.cpp:53:82:[m[K [01;36m[Knote: [m[K  mismatched types ‘[01m[Kvoid (T::*)(const ros::TimerEvent&)[m[K’ and ‘[01m[Kmain(int, char**)::<lambda(const ros::TimerEvent&)>[m[K’
   53 |                                                    { decrease_battery(battery); }[01;36m[K)[m[K;
      |                                                                                  [01;36m[K^[m[K
In file included from [01m[K/opt/ros/noetic/include/ros/ros.h:45[m[K,
                 from [01m[K/home/marco/IntelligentRobotics/exercise1_ws/src/exercise1/src/cleaner_robot.cpp:1[m[K:
[01m[K/opt/ros/noetic/include/ros/node_handle.h:1377:9:[m[K [01;36m[Knote: [m[Kcandidate: ‘[01m[Kros::Timer ros::NodeHandle::createTimer(ros::Duration, const TimerCallback&, bool, bool) const[m[K’
 1377 |   Timer [01;36m[KcreateTimer[m[K(Duration period, const TimerCallback& callback, bool oneshot = false,
      |         [01;36m[K^~~~~~~~~~~[m[K
[01m[K/opt/ros/noetic/include/ros/node_handle.h:1377:30:[m[K [01;36m[Knote: [m[K  no known conversion for argument 1 from ‘[01m[Kros::Rate[m[K’ to ‘[01m[Kros::Duration[m[K’
 1377 |   Timer createTimer([01;36m[KDuration period[m[K, const TimerCallback& callback, bool oneshot = false,
      |                     [01;36m[K~~~~~~~~~^~~~~~[m[K
[01m[K/opt/ros/noetic/include/ros/node_handle.h:1389:9:[m[K [01;36m[Knote: [m[Kcandidate: ‘[01m[Kros::Timer ros::NodeHandle::createTimer(ros::TimerOptions&) const[m[K’
 1389 |   Timer [01;36m[KcreateTimer[m[K(TimerOptions& ops) const;
      |         [01;36m[K^~~~~~~~~~~[m[K
[01m[K/opt/ros/noetic/include/ros/node_handle.h:1389:9:[m[K [01;36m[Knote: [m[K  candidate expects 1 argument, 2 provided
make[2]: *** [CMakeFiles/cleaner_robot.dir/build.make:63: CMakeFiles/cleaner_robot.dir/src/cleaner_robot.cpp.o] Error 1
make[1]: *** [CMakeFiles/Makefile2:631: CMakeFiles/cleaner_robot.dir/all] Error 2
make: *** [Makefile:141: all] Error 2
