[  0%] Built target std_msgs_generate_messages_nodejs
[  0%] Built target std_msgs_generate_messages_cpp
[  0%] Built target std_msgs_generate_messages_py
[  0%] Built target std_msgs_generate_messages_eus
[  0%] Built target _exercise1_generate_messages_check_deps_Message
[  0%] Built target std_msgs_generate_messages_lisp
[ 18%] Built target exercise1_generate_messages_py
[ 27%] Built target exercise1_generate_messages_cpp
[ 36%] Built target exercise1_generate_messages_lisp
[ 45%] Built target exercise1_generate_messages_nodejs
[35m[1mScanning dependencies of target cleaner_robot[0m
[ 63%] Built target exercise1_generate_messages_eus
[ 81%] Built target charging_station
[ 90%] [32mBuilding CXX object CMakeFiles/cleaner_robot.dir/src/cleaner_robot.cpp.o[0m
[ 90%] Built target exercise1_generate_messages
[01m[K/home/marco/IntelligentRobotics/exercise1_ws/src/exercise1/src/cleaner_robot.cpp:[m[K In function ‘[01m[Kroom change_room()[m[K’:
[01m[K/home/marco/IntelligentRobotics/exercise1_ws/src/exercise1/src/cleaner_robot.cpp:27:39:[m[K [01;31m[Kerror: [m[Ktoo many initializers for ‘[01m[Kroom [5][m[K’
   27 |         {"Autonomous Robotics Lab", 5}[01;31m[K}[m[K;
      |                                       [01;31m[K^[m[K
make[2]: *** [CMakeFiles/cleaner_robot.dir/build.make:63: CMakeFiles/cleaner_robot.dir/src/cleaner_robot.cpp.o] Error 1
make[1]: *** [CMakeFiles/Makefile2:631: CMakeFiles/cleaner_robot.dir/all] Error 2
make: *** [Makefile:141: all] Error 2
